{"/home/travis/build/npmtest/node-npmtest-document-register-element/test.js":{"path":"/home/travis/build/npmtest/node-npmtest-document-register-element/test.js","s":{"1":2,"2":2,"3":2,"4":2,"5":2,"6":2,"7":2,"8":1,"9":2,"10":2,"11":1,"12":1,"13":1,"14":1,"15":2,"16":2,"17":2,"18":2,"19":1,"20":1,"21":2,"22":2,"23":2,"24":1,"25":1,"26":1,"27":1,"28":1,"29":1,"30":1,"31":1,"32":1,"33":1,"34":1,"35":1,"36":1,"37":1,"38":1,"39":2,"40":2,"41":1,"42":2,"43":2,"44":1,"45":2,"46":2,"47":1,"48":2,"49":2,"50":1,"51":1,"52":1,"53":1,"54":1},"b":{"1":[2,1,1,1],"2":[1,1,1,1],"3":[1,1],"4":[1,1],"5":[1,1],"6":[1,1],"7":[1,1],"8":[1,1],"9":[1,1],"10":[1,1,1],"11":[1,1],"12":[1,1],"13":[1,1],"14":[1,1],"15":[1,1],"16":[1,1],"17":[1,1]},"f":{"1":2,"2":2,"3":2,"4":2,"5":2,"6":1,"7":1,"8":1,"9":2,"10":2,"11":2,"12":2,"13":1},"fnMap":{"1":{"name":"(anonymous_1)","line":12,"loc":{"start":{"line":12,"column":1},"end":{"line":12,"column":13}}},"2":{"name":"(anonymous_2)","line":19,"loc":{"start":{"line":19,"column":5},"end":{"line":19,"column":17}}},"3":{"name":"(anonymous_3)","line":23,"loc":{"start":{"line":23,"column":24},"end":{"line":23,"column":36}}},"4":{"name":"(anonymous_4)","line":61,"loc":{"start":{"line":61,"column":5},"end":{"line":61,"column":17}}},"5":{"name":"(anonymous_5)","line":82,"loc":{"start":{"line":82,"column":5},"end":{"line":82,"column":17}}},"6":{"name":"(anonymous_6)","line":91,"loc":{"start":{"line":91,"column":77},"end":{"line":94,"column":10}}},"7":{"name":"(anonymous_7)","line":112,"loc":{"start":{"line":112,"column":83},"end":{"line":115,"column":10}},"skip":true},"8":{"name":"(anonymous_8)","line":123,"loc":{"start":{"line":123,"column":77},"end":{"line":126,"column":10}},"skip":true},"9":{"name":"(anonymous_9)","line":139,"loc":{"start":{"line":139,"column":12},"end":{"line":139,"column":40}},"skip":true},"10":{"name":"(anonymous_10)","line":147,"loc":{"start":{"line":147,"column":77},"end":{"line":150,"column":10}},"skip":true},"11":{"name":"(anonymous_11)","line":158,"loc":{"start":{"line":158,"column":83},"end":{"line":161,"column":10}},"skip":true},"12":{"name":"(anonymous_12)","line":169,"loc":{"start":{"line":169,"column":79},"end":{"line":172,"column":10}},"skip":true},"13":{"name":"(anonymous_13)","line":180,"loc":{"start":{"line":180,"column":75},"end":{"line":183,"column":10}},"skip":true}},"statementMap":{"1":{"start":{"line":12,"column":0},"end":{"line":195,"column":5}},"2":{"start":{"line":14,"column":4},"end":{"line":14,"column":14}},"3":{"start":{"line":19,"column":4},"end":{"line":56,"column":9}},"4":{"start":{"line":21,"column":8},"end":{"line":21,"column":19}},"5":{"start":{"line":23,"column":8},"end":{"line":35,"column":13}},"6":{"start":{"line":24,"column":12},"end":{"line":34,"column":13}},"7":{"start":{"line":25,"column":16},"end":{"line":28,"column":30}},"8":{"start":{"line":30,"column":16},"end":{"line":33,"column":27}},"9":{"start":{"line":37,"column":8},"end":{"line":39,"column":21}},"10":{"start":{"line":40,"column":8},"end":{"line":53,"column":9}},"11":{"start":{"line":43,"column":12},"end":{"line":46,"column":14}},"12":{"start":{"line":47,"column":12},"end":{"line":47,"column":18}},"13":{"start":{"line":50,"column":12},"end":{"line":51,"column":46}},"14":{"start":{"line":52,"column":12},"end":{"line":52,"column":18}},"15":{"start":{"line":55,"column":8},"end":{"line":55,"column":35}},"16":{"start":{"line":61,"column":4},"end":{"line":63,"column":9}},"17":{"start":{"line":62,"column":8},"end":{"line":62,"column":15}},"18":{"start":{"line":64,"column":4},"end":{"line":77,"column":5}},"19":{"start":{"line":70,"column":8},"end":{"line":70,"column":14}},"20":{"start":{"line":76,"column":8},"end":{"line":76,"column":14}},"21":{"start":{"line":82,"column":4},"end":{"line":84,"column":9}},"22":{"start":{"line":83,"column":8},"end":{"line":83,"column":15}},"23":{"start":{"line":85,"column":4},"end":{"line":194,"column":5}},"24":{"start":{"line":91,"column":8},"end":{"line":99,"column":10}},"25":{"start":{"line":98,"column":12},"end":{"line":98,"column":35}},"26":{"start":{"line":102,"column":8},"end":{"line":104,"column":63}},"27":{"start":{"line":105,"column":8},"end":{"line":105,"column":14}},"28":{"start":{"line":112,"column":8},"end":{"line":121,"column":10},"skip":true},"29":{"start":{"line":119,"column":12},"end":{"line":119,"column":55},"skip":true},"30":{"start":{"line":120,"column":12},"end":{"line":120,"column":48},"skip":true},"31":{"start":{"line":123,"column":8},"end":{"line":136,"column":10},"skip":true},"32":{"start":{"line":130,"column":12},"end":{"line":130,"column":76},"skip":true},"33":{"start":{"line":131,"column":12},"end":{"line":131,"column":73},"skip":true},"34":{"start":{"line":132,"column":12},"end":{"line":132,"column":74},"skip":true},"35":{"start":{"line":133,"column":12},"end":{"line":133,"column":79},"skip":true},"36":{"start":{"line":134,"column":12},"end":{"line":134,"column":25},"skip":true},"37":{"start":{"line":135,"column":12},"end":{"line":135,"column":45},"skip":true},"38":{"start":{"line":138,"column":8},"end":{"line":145,"column":14},"skip":true},"39":{"start":{"line":143,"column":16},"end":{"line":143,"column":29},"skip":true},"40":{"start":{"line":144,"column":16},"end":{"line":144,"column":55},"skip":true},"41":{"start":{"line":147,"column":8},"end":{"line":156,"column":10},"skip":true},"42":{"start":{"line":154,"column":12},"end":{"line":154,"column":25},"skip":true},"43":{"start":{"line":155,"column":12},"end":{"line":155,"column":45},"skip":true},"44":{"start":{"line":158,"column":8},"end":{"line":167,"column":10},"skip":true},"45":{"start":{"line":165,"column":12},"end":{"line":165,"column":25},"skip":true},"46":{"start":{"line":166,"column":12},"end":{"line":166,"column":48},"skip":true},"47":{"start":{"line":169,"column":8},"end":{"line":178,"column":10},"skip":true},"48":{"start":{"line":176,"column":12},"end":{"line":176,"column":25},"skip":true},"49":{"start":{"line":177,"column":12},"end":{"line":177,"column":46},"skip":true},"50":{"start":{"line":180,"column":8},"end":{"line":189,"column":10},"skip":true},"51":{"start":{"line":187,"column":12},"end":{"line":187,"column":94},"skip":true},"52":{"start":{"line":188,"column":12},"end":{"line":188,"column":48},"skip":true},"53":{"start":{"line":192,"column":8},"end":{"line":192,"column":35},"skip":true},"54":{"start":{"line":193,"column":8},"end":{"line":193,"column":14},"skip":true}},"branchMap":{"1":{"line":25,"type":"binary-expr","locations":[{"start":{"line":25,"column":23},"end":{"line":25,"column":62}},{"start":{"line":26,"column":20},"end":{"line":26,"column":70}},{"start":{"line":27,"column":20},"end":{"line":27,"column":71}},{"start":{"line":28,"column":20},"end":{"line":28,"column":29}}]},"2":{"line":30,"type":"binary-expr","locations":[{"start":{"line":30,"column":23},"end":{"line":30,"column":37}},{"start":{"line":31,"column":20},"end":{"line":31,"column":61}},{"start":{"line":32,"column":20},"end":{"line":32,"column":70}},{"start":{"line":33,"column":20},"end":{"line":33,"column":26}}]},"3":{"line":37,"type":"cond-expr","locations":[{"start":{"line":38,"column":14},"end":{"line":38,"column":20}},{"start":{"line":39,"column":14},"end":{"line":39,"column":20}}]},"4":{"line":40,"type":"switch","locations":[{"start":{"line":42,"column":8},"end":{"line":47,"column":18}},{"start":{"line":49,"column":8},"end":{"line":52,"column":18}}]},"5":{"line":44,"type":"binary-expr","locations":[{"start":{"line":44,"column":16},"end":{"line":44,"column":44}},{"start":{"line":44,"column":48},"end":{"line":44,"column":66}}]},"6":{"line":50,"type":"binary-expr","locations":[{"start":{"line":50,"column":21},"end":{"line":50,"column":49}},{"start":{"line":50,"column":53},"end":{"line":50,"column":72}}]},"7":{"line":64,"type":"switch","locations":[{"start":{"line":69,"column":4},"end":{"line":70,"column":14}},{"start":{"line":75,"column":4},"end":{"line":76,"column":14}}]},"8":{"line":85,"type":"switch","locations":[{"start":{"line":90,"column":4},"end":{"line":105,"column":14}},{"start":{"line":111,"column":4},"end":{"line":193,"column":14},"skip":true}]},"9":{"line":91,"type":"binary-expr","locations":[{"start":{"line":91,"column":42},"end":{"line":91,"column":73}},{"start":{"line":91,"column":77},"end":{"line":99,"column":9}}]},"10":{"line":102,"type":"binary-expr","locations":[{"start":{"line":102,"column":18},"end":{"line":102,"column":32}},{"start":{"line":103,"column":12},"end":{"line":103,"column":53}},{"start":{"line":104,"column":12},"end":{"line":104,"column":61}}]},"11":{"line":112,"type":"binary-expr","locations":[{"start":{"line":112,"column":45},"end":{"line":112,"column":79},"skip":true},{"start":{"line":112,"column":83},"end":{"line":121,"column":9},"skip":true}]},"12":{"line":123,"type":"binary-expr","locations":[{"start":{"line":123,"column":42},"end":{"line":123,"column":73},"skip":true},{"start":{"line":123,"column":77},"end":{"line":136,"column":9},"skip":true}]},"13":{"line":138,"type":"binary-expr","locations":[{"start":{"line":138,"column":48},"end":{"line":138,"column":85},"skip":true},{"start":{"line":139,"column":12},"end":{"line":145,"column":13},"skip":true}]},"14":{"line":147,"type":"binary-expr","locations":[{"start":{"line":147,"column":42},"end":{"line":147,"column":73},"skip":true},{"start":{"line":147,"column":77},"end":{"line":156,"column":9},"skip":true}]},"15":{"line":158,"type":"binary-expr","locations":[{"start":{"line":158,"column":45},"end":{"line":158,"column":79},"skip":true},{"start":{"line":158,"column":83},"end":{"line":167,"column":9},"skip":true}]},"16":{"line":169,"type":"binary-expr","locations":[{"start":{"line":169,"column":43},"end":{"line":169,"column":75},"skip":true},{"start":{"line":169,"column":79},"end":{"line":178,"column":9},"skip":true}]},"17":{"line":180,"type":"binary-expr","locations":[{"start":{"line":180,"column":41},"end":{"line":180,"column":71},"skip":true},{"start":{"line":180,"column":75},"end":{"line":189,"column":9},"skip":true}]}},"code":["/* istanbul instrument in package npmtest_document_register_element */","/*jslint","    bitwise: true,","    browser: true,","    maxerr: 8,","    maxlen: 96,","    node: true,","    nomen: true,","    regexp: true,","    stupid: true","*/","(function () {","    'use strict';","    var local;","","","","    // run shared js-env code - pre-init","    (function () {","        // init local","        local = {};","        // init modeJs","        local.modeJs = (function () {","            try {","                return typeof navigator.userAgent === 'string' &&","                    typeof document.querySelector('body') === 'object' &&","                    typeof XMLHttpRequest.prototype.open === 'function' &&","                    'browser';","            } catch (errorCaughtBrowser) {","                return module.exports &&","                    typeof process.versions.node === 'string' &&","                    typeof require('http').createServer === 'function' &&","                    'node';","            }","        }());","        // init global","        local.global = local.modeJs === 'browser'","            ? window","            : global;","        switch (local.modeJs) {","        // re-init local from window.local","        case 'browser':","            local = local.global.utility2.objectSetDefault(","                local.global.utility2_rollup || local.global.local,","                local.global.utility2","            );","            break;","        // re-init local from example.js","        case 'node':","            local = (local.global.utility2_rollup || require('utility2'))","                .requireExampleJsFromReadme();","            break;","        }","        // export local","        local.global.local = local;","    }());","","","","    // run shared js-env code - function","    (function () {","        return;","    }());","    switch (local.modeJs) {","","","","    // run browser js-env code - function","    case 'browser':","        break;","","","","    // run node js-env code - function","    case 'node':","        break;","    }","","","","    // run shared js-env code - post-init","    (function () {","        return;","    }());","    switch (local.modeJs) {","","","","    // run browser js-env code - post-init","    case 'browser':","        local.testCase_browser_nullCase = local.testCase_browser_nullCase || function (","            options,","            onError","        ) {","        /*","         * this function will test browsers's null-case handling-behavior-behavior","         */","            onError(null, options);","        };","","        // run tests","        local.nop(local.modeTest &&","            document.querySelector('#testRunButton1') &&","            document.querySelector('#testRunButton1').click());","        break;","","","","    // run node js-env code - post-init","    /* istanbul ignore next */","    case 'node':","        local.testCase_buildApidoc_default = local.testCase_buildApidoc_default || function (","            options,","            onError","        ) {","        /*","         * this function will test buildApidoc's default handling-behavior-behavior","         */","            options = { modulePathList: module.paths };","            local.buildApidoc(options, onError);","        };","","        local.testCase_buildApp_default = local.testCase_buildApp_default || function (","            options,","            onError","        ) {","        /*","         * this function will test buildApp's default handling-behavior-behavior","         */","            local.testCase_buildReadme_default(options, local.onErrorThrow);","            local.testCase_buildLib_default(options, local.onErrorThrow);","            local.testCase_buildTest_default(options, local.onErrorThrow);","            local.testCase_buildCustomOrg_default(options, local.onErrorThrow);","            options = [];","            local.buildApp(options, onError);","        };","","        local.testCase_buildCustomOrg_default = local.testCase_buildCustomOrg_default ||","            function (options, onError) {","            /*","             * this function will test buildCustomOrg's default handling-behavior","             */","                options = {};","                local.buildCustomOrg(options, onError);","            };","","        local.testCase_buildLib_default = local.testCase_buildLib_default || function (","            options,","            onError","        ) {","        /*","         * this function will test buildLib's default handling-behavior","         */","            options = {};","            local.buildLib(options, onError);","        };","","        local.testCase_buildReadme_default = local.testCase_buildReadme_default || function (","            options,","            onError","        ) {","        /*","         * this function will test buildReadme's default handling-behavior-behavior","         */","            options = {};","            local.buildReadme(options, onError);","        };","","        local.testCase_buildTest_default = local.testCase_buildTest_default || function (","            options,","            onError","        ) {","        /*","         * this function will test buildTest's default handling-behavior","         */","            options = {};","            local.buildTest(options, onError);","        };","","        local.testCase_webpage_default = local.testCase_webpage_default || function (","            options,","            onError","        ) {","        /*","         * this function will test webpage's default handling-behavior","         */","            options = { modeCoverageMerge: true, url: local.serverLocalHost + '?modeTest=1' };","            local.browserTest(options, onError);","        };","","        // run test-server","        local.testRunServer(local);","        break;","    }","}());",""],"l":{"12":2,"14":2,"19":2,"21":2,"23":2,"24":2,"25":2,"30":1,"37":2,"40":2,"43":1,"47":1,"50":1,"52":1,"55":2,"61":2,"62":2,"64":2,"70":1,"76":1,"82":2,"83":2,"85":2,"91":1,"98":1,"102":1,"105":1,"112":1,"119":1,"120":1,"123":1,"130":1,"131":1,"132":1,"133":1,"134":1,"135":1,"138":1,"143":2,"144":2,"147":1,"154":2,"155":2,"158":1,"165":2,"166":2,"169":1,"176":2,"177":2,"180":1,"187":1,"188":1,"192":1,"193":1}},"/home/travis/build/npmtest/node-npmtest-document-register-element/lib.npmtest_document_register_element.js":{"path":"/home/travis/build/npmtest/node-npmtest-document-register-element/lib.npmtest_document_register_element.js","s":{"1":2,"2":2,"3":2,"4":2,"5":2,"6":2,"7":2,"8":1,"9":2,"10":2,"11":2,"12":2,"13":1,"14":1,"15":1,"16":1},"b":{"1":[2,1,1,1],"2":[1,1,1,1],"3":[1,1],"4":[2,2],"5":[1,1]},"f":{"1":2,"2":2,"3":2},"fnMap":{"1":{"name":"(anonymous_1)","line":12,"loc":{"start":{"line":12,"column":1},"end":{"line":12,"column":13}}},"2":{"name":"(anonymous_2)","line":19,"loc":{"start":{"line":19,"column":5},"end":{"line":19,"column":17}}},"3":{"name":"(anonymous_3)","line":23,"loc":{"start":{"line":23,"column":24},"end":{"line":23,"column":36}}}},"statementMap":{"1":{"start":{"line":12,"column":0},"end":{"line":53,"column":5}},"2":{"start":{"line":14,"column":4},"end":{"line":14,"column":14}},"3":{"start":{"line":19,"column":4},"end":{"line":52,"column":9}},"4":{"start":{"line":21,"column":8},"end":{"line":21,"column":19}},"5":{"start":{"line":23,"column":8},"end":{"line":35,"column":13}},"6":{"start":{"line":24,"column":12},"end":{"line":34,"column":13}},"7":{"start":{"line":25,"column":16},"end":{"line":28,"column":30}},"8":{"start":{"line":30,"column":16},"end":{"line":33,"column":27}},"9":{"start":{"line":37,"column":8},"end":{"line":39,"column":21}},"10":{"start":{"line":41,"column":8},"end":{"line":41,"column":54}},"11":{"start":{"line":43,"column":8},"end":{"line":43,"column":70}},"12":{"start":{"line":45,"column":8},"end":{"line":51,"column":9}},"13":{"start":{"line":46,"column":12},"end":{"line":46,"column":76}},"14":{"start":{"line":48,"column":12},"end":{"line":48,"column":35}},"15":{"start":{"line":49,"column":12},"end":{"line":49,"column":49}},"16":{"start":{"line":50,"column":12},"end":{"line":50,"column":43}}},"branchMap":{"1":{"line":25,"type":"binary-expr","locations":[{"start":{"line":25,"column":23},"end":{"line":25,"column":62}},{"start":{"line":26,"column":20},"end":{"line":26,"column":70}},{"start":{"line":27,"column":20},"end":{"line":27,"column":71}},{"start":{"line":28,"column":20},"end":{"line":28,"column":29}}]},"2":{"line":30,"type":"binary-expr","locations":[{"start":{"line":30,"column":23},"end":{"line":30,"column":37}},{"start":{"line":31,"column":20},"end":{"line":31,"column":61}},{"start":{"line":32,"column":20},"end":{"line":32,"column":70}},{"start":{"line":33,"column":20},"end":{"line":33,"column":26}}]},"3":{"line":37,"type":"cond-expr","locations":[{"start":{"line":38,"column":14},"end":{"line":38,"column":20}},{"start":{"line":39,"column":14},"end":{"line":39,"column":20}}]},"4":{"line":41,"type":"binary-expr","locations":[{"start":{"line":41,"column":16},"end":{"line":41,"column":44}},{"start":{"line":41,"column":48},"end":{"line":41,"column":53}}]},"5":{"line":45,"type":"if","locations":[{"start":{"line":45,"column":8},"end":{"line":45,"column":8}},{"start":{"line":45,"column":8},"end":{"line":45,"column":8}}]}},"code":["/* istanbul instrument in package npmtest_document_register_element */","/*jslint","    bitwise: true,","    browser: true,","    maxerr: 8,","    maxlen: 96,","    node: true,","    nomen: true,","    regexp: true,","    stupid: true","*/","(function () {","    'use strict';","    var local;","","","","    // run shared js-env code - pre-init","    (function () {","        // init local","        local = {};","        // init modeJs","        local.modeJs = (function () {","            try {","                return typeof navigator.userAgent === 'string' &&","                    typeof document.querySelector('body') === 'object' &&","                    typeof XMLHttpRequest.prototype.open === 'function' &&","                    'browser';","            } catch (errorCaughtBrowser) {","                return module.exports &&","                    typeof process.versions.node === 'string' &&","                    typeof require('http').createServer === 'function' &&","                    'node';","            }","        }());","        // init global","        local.global = local.modeJs === 'browser'","            ? window","            : global;","        // init utility2_rollup","        local = local.global.utility2_rollup || local;","        // init lib","        local.local = local.npmtest_document_register_element = local;","        // init exports","        if (local.modeJs === 'browser') {","            local.global.utility2_npmtest_document_register_element = local;","        } else {","            module.exports = local;","            module.exports.__dirname = __dirname;","            module.exports.module = module;","        }","    }());","}());",""],"l":{"12":2,"14":2,"19":2,"21":2,"23":2,"24":2,"25":2,"30":1,"37":2,"41":2,"43":2,"45":2,"46":1,"48":1,"49":1,"50":1}},"/home/travis/build/npmtest/node-npmtest-document-register-element/example.js":{"path":"/home/travis/build/npmtest/node-npmtest-document-register-element/example.js","s":{"1":2,"2":2,"3":2,"4":2,"5":2,"6":2,"7":2,"8":1,"9":2,"10":2,"11":2,"12":2,"13":1,"14":2,"15":2,"16":2,"17":2,"18":2,"19":0,"20":2,"21":1,"22":1,"23":1,"24":1,"25":1,"26":0,"27":0,"28":1,"29":1,"30":2,"31":0,"32":0,"33":0,"34":1,"35":2,"36":2,"37":3,"38":3,"39":3,"40":3,"41":0,"42":3,"43":3,"44":3,"45":1,"46":3,"47":1,"48":1,"49":1,"50":1,"51":1,"52":1,"53":1,"54":1,"55":1,"56":1,"57":0,"58":1,"59":6,"60":6,"61":1,"62":2,"63":0,"64":2,"65":1,"66":1,"67":0,"68":0,"69":0,"70":0,"71":0,"72":0,"73":0,"74":0,"75":0,"76":0,"77":0,"78":0,"79":0,"80":0,"81":0,"82":0,"83":0},"b":{"1":[2,1,1,1],"2":[1,1,1,1],"3":[1,1],"4":[2,2],"5":[1,1],"6":[1,1],"7":[2,0],"8":[2,1,1,1,1,1],"9":[0,2,0],"10":[1,1],"11":[2,1,1],"12":[1,0],"13":[0,2],"14":[2,0,0,0,0,0,0],"15":[0,3],"16":[3,0],"17":[1,1],"18":[0,1],"19":[1,2,0,2],"20":[1,0],"21":[1,1],"22":[0,0],"23":[0,0],"24":[0,0],"25":[0,0],"26":[0,0],"27":[0,0],"28":[0,0]},"f":{"1":2,"2":2,"3":2,"4":2,"5":2,"6":2,"7":3,"8":3,"9":3,"10":1,"11":6,"12":0},"fnMap":{"1":{"name":"(anonymous_1)","line":26,"loc":{"start":{"line":26,"column":1},"end":{"line":26,"column":13}}},"2":{"name":"(anonymous_2)","line":33,"loc":{"start":{"line":33,"column":5},"end":{"line":33,"column":17}}},"3":{"name":"(anonymous_3)","line":37,"loc":{"start":{"line":37,"column":24},"end":{"line":37,"column":36}}},"4":{"name":"(anonymous_4)","line":69,"loc":{"start":{"line":69,"column":31},"end":{"line":69,"column":48}},"skip":true},"5":{"name":"(anonymous_5)","line":78,"loc":{"start":{"line":78,"column":26},"end":{"line":78,"column":45}},"skip":true},"6":{"name":"(anonymous_6)","line":123,"loc":{"start":{"line":123,"column":33},"end":{"line":123,"column":48}},"skip":true},"7":{"name":"(anonymous_7)","line":125,"loc":{"start":{"line":125,"column":27},"end":{"line":125,"column":39}},"skip":true},"8":{"name":"(anonymous_8)","line":133,"loc":{"start":{"line":133,"column":59},"end":{"line":133,"column":74}},"skip":true},"9":{"name":"(anonymous_9)","line":143,"loc":{"start":{"line":143,"column":45},"end":{"line":143,"column":62}},"skip":true},"10":{"name":"(anonymous_10)","line":144,"loc":{"start":{"line":144,"column":73},"end":{"line":144,"column":92}},"skip":true},"11":{"name":"(anonymous_11)","line":272,"loc":{"start":{"line":272,"column":51},"end":{"line":272,"column":77}},"skip":true},"12":{"name":"(anonymous_12)","line":315,"loc":{"start":{"line":315,"column":32},"end":{"line":315,"column":61}},"skip":true}},"statementMap":{"1":{"start":{"line":26,"column":0},"end":{"line":326,"column":5}},"2":{"start":{"line":28,"column":4},"end":{"line":28,"column":14}},"3":{"start":{"line":33,"column":4},"end":{"line":60,"column":9}},"4":{"start":{"line":35,"column":8},"end":{"line":35,"column":19}},"5":{"start":{"line":37,"column":8},"end":{"line":49,"column":13}},"6":{"start":{"line":38,"column":12},"end":{"line":48,"column":13}},"7":{"start":{"line":39,"column":16},"end":{"line":42,"column":30}},"8":{"start":{"line":44,"column":16},"end":{"line":47,"column":27}},"9":{"start":{"line":51,"column":8},"end":{"line":53,"column":21}},"10":{"start":{"line":55,"column":8},"end":{"line":57,"column":45}},"11":{"start":{"line":59,"column":8},"end":{"line":59,"column":35}},"12":{"start":{"line":61,"column":4},"end":{"line":325,"column":5}},"13":{"start":{"line":69,"column":8},"end":{"line":121,"column":10},"skip":true},"14":{"start":{"line":70,"column":12},"end":{"line":88,"column":13},"skip":true},"15":{"start":{"line":76,"column":16},"end":{"line":87,"column":19},"skip":true},"16":{"start":{"line":79,"column":20},"end":{"line":86,"column":21},"skip":true},"17":{"start":{"line":82,"column":24},"end":{"line":82,"column":43},"skip":true},"18":{"start":{"line":83,"column":24},"end":{"line":83,"column":30},"skip":true},"19":{"start":{"line":85,"column":24},"end":{"line":85,"column":49},"skip":true},"20":{"start":{"line":89,"column":12},"end":{"line":107,"column":13},"skip":true},"21":{"start":{"line":92,"column":16},"end":{"line":102,"column":17},"skip":true},"22":{"start":{"line":93,"column":20},"end":{"line":93,"column":86},"skip":true},"23":{"start":{"line":94,"column":20},"end":{"line":95,"column":45},"skip":true},"24":{"start":{"line":96,"column":20},"end":{"line":96,"column":42},"skip":true},"25":{"start":{"line":97,"column":20},"end":{"line":97,"column":48},"skip":true},"26":{"start":{"line":100,"column":20},"end":{"line":100,"column":85},"skip":true},"27":{"start":{"line":101,"column":20},"end":{"line":101,"column":96},"skip":true},"28":{"start":{"line":103,"column":16},"end":{"line":103,"column":22},"skip":true},"29":{"start":{"line":106,"column":16},"end":{"line":106,"column":22},"skip":true},"30":{"start":{"line":108,"column":12},"end":{"line":120,"column":13},"skip":true},"31":{"start":{"line":114,"column":16},"end":{"line":119,"column":17},"skip":true},"32":{"start":{"line":116,"column":20},"end":{"line":116,"column":78},"skip":true},"33":{"start":{"line":118,"column":20},"end":{"line":118,"column":47},"skip":true},"34":{"start":{"line":123,"column":8},"end":{"line":141,"column":11},"skip":true},"35":{"start":{"line":124,"column":12},"end":{"line":124,"column":54},"skip":true},"36":{"start":{"line":125,"column":12},"end":{"line":140,"column":14},"skip":true},"37":{"start":{"line":126,"column":16},"end":{"line":126,"column":28},"skip":true},"38":{"start":{"line":127,"column":16},"end":{"line":127,"column":69},"skip":true},"39":{"start":{"line":128,"column":16},"end":{"line":128,"column":75},"skip":true},"40":{"start":{"line":129,"column":16},"end":{"line":131,"column":17},"skip":true},"41":{"start":{"line":130,"column":20},"end":{"line":130,"column":27},"skip":true},"42":{"start":{"line":133,"column":16},"end":{"line":137,"column":36},"skip":true},"43":{"start":{"line":134,"column":20},"end":{"line":136,"column":55},"skip":true},"44":{"start":{"line":139,"column":16},"end":{"line":139,"column":57},"skip":true},"45":{"start":{"line":143,"column":8},"end":{"line":147,"column":11},"skip":true},"46":{"start":{"line":144,"column":12},"end":{"line":146,"column":15},"skip":true},"47":{"start":{"line":145,"column":16},"end":{"line":145,"column":70},"skip":true},"48":{"start":{"line":149,"column":8},"end":{"line":149,"column":31},"skip":true},"49":{"start":{"line":150,"column":8},"end":{"line":150,"column":14},"skip":true},"50":{"start":{"line":158,"column":8},"end":{"line":158,"column":31},"skip":true},"51":{"start":{"line":160,"column":8},"end":{"line":160,"column":33},"skip":true},"52":{"start":{"line":161,"column":8},"end":{"line":161,"column":37},"skip":true},"53":{"start":{"line":162,"column":8},"end":{"line":162,"column":35},"skip":true},"54":{"start":{"line":164,"column":8},"end":{"line":164,"column":50},"skip":true},"55":{"start":{"line":166,"column":8},"end":{"line":256,"column":2},"skip":true},"56":{"start":{"line":258,"column":8},"end":{"line":286,"column":9},"skip":true},"57":{"start":{"line":259,"column":12},"end":{"line":269,"column":14},"skip":true},"58":{"start":{"line":271,"column":12},"end":{"line":285,"column":19},"skip":true},"59":{"start":{"line":274,"column":20},"end":{"line":274,"column":35},"skip":true},"60":{"start":{"line":275,"column":20},"end":{"line":284,"column":21},"skip":true},"61":{"start":{"line":277,"column":24},"end":{"line":277,"column":64},"skip":true},"62":{"start":{"line":279,"column":24},"end":{"line":279,"column":40},"skip":true},"63":{"start":{"line":281,"column":24},"end":{"line":281,"column":40},"skip":true},"64":{"start":{"line":283,"column":24},"end":{"line":283,"column":39},"skip":true},"65":{"start":{"line":288,"column":8},"end":{"line":290,"column":9},"skip":true},"66":{"start":{"line":289,"column":12},"end":{"line":289,"column":18},"skip":true},"67":{"start":{"line":291,"column":8},"end":{"line":293,"column":54},"skip":true},"68":{"start":{"line":296,"column":8},"end":{"line":301,"column":37},"skip":true},"69":{"start":{"line":303,"column":8},"end":{"line":303,"column":82},"skip":true},"70":{"start":{"line":306,"column":8},"end":{"line":308,"column":9},"skip":true},"71":{"start":{"line":307,"column":12},"end":{"line":307,"column":82},"skip":true},"72":{"start":{"line":310,"column":8},"end":{"line":312,"column":9},"skip":true},"73":{"start":{"line":311,"column":12},"end":{"line":311,"column":18},"skip":true},"74":{"start":{"line":313,"column":8},"end":{"line":313,"column":54},"skip":true},"75":{"start":{"line":314,"column":8},"end":{"line":314,"column":69},"skip":true},"76":{"start":{"line":315,"column":8},"end":{"line":323,"column":36},"skip":true},"77":{"start":{"line":316,"column":12},"end":{"line":316,"column":61},"skip":true},"78":{"start":{"line":317,"column":12},"end":{"line":320,"column":13},"skip":true},"79":{"start":{"line":318,"column":16},"end":{"line":318,"column":75},"skip":true},"80":{"start":{"line":319,"column":16},"end":{"line":319,"column":23},"skip":true},"81":{"start":{"line":321,"column":12},"end":{"line":321,"column":38},"skip":true},"82":{"start":{"line":322,"column":12},"end":{"line":322,"column":27},"skip":true},"83":{"start":{"line":324,"column":8},"end":{"line":324,"column":14},"skip":true}},"branchMap":{"1":{"line":39,"type":"binary-expr","locations":[{"start":{"line":39,"column":23},"end":{"line":39,"column":62}},{"start":{"line":40,"column":20},"end":{"line":40,"column":70}},{"start":{"line":41,"column":20},"end":{"line":41,"column":71}},{"start":{"line":42,"column":20},"end":{"line":42,"column":29}}]},"2":{"line":44,"type":"binary-expr","locations":[{"start":{"line":44,"column":23},"end":{"line":44,"column":37}},{"start":{"line":45,"column":20},"end":{"line":45,"column":61}},{"start":{"line":46,"column":20},"end":{"line":46,"column":70}},{"start":{"line":47,"column":20},"end":{"line":47,"column":26}}]},"3":{"line":51,"type":"cond-expr","locations":[{"start":{"line":52,"column":14},"end":{"line":52,"column":20}},{"start":{"line":53,"column":14},"end":{"line":53,"column":20}}]},"4":{"line":55,"type":"binary-expr","locations":[{"start":{"line":55,"column":16},"end":{"line":55,"column":44}},{"start":{"line":55,"column":49},"end":{"line":57,"column":43}}]},"5":{"line":55,"type":"cond-expr","locations":[{"start":{"line":56,"column":14},"end":{"line":56,"column":69}},{"start":{"line":57,"column":14},"end":{"line":57,"column":43}}]},"6":{"line":61,"type":"switch","locations":[{"start":{"line":68,"column":4},"end":{"line":150,"column":14},"skip":true},{"start":{"line":156,"column":4},"end":{"line":324,"column":14},"skip":true}]},"7":{"line":70,"type":"if","locations":[{"start":{"line":70,"column":12},"end":{"line":70,"column":12},"skip":true},{"start":{"line":70,"column":12},"end":{"line":70,"column":12},"skip":true}]},"8":{"line":70,"type":"binary-expr","locations":[{"start":{"line":70,"column":16},"end":{"line":70,"column":22},"skip":true},{"start":{"line":70,"column":27},"end":{"line":70,"column":32},"skip":true},{"start":{"line":71,"column":20},"end":{"line":71,"column":39},"skip":true},{"start":{"line":72,"column":20},"end":{"line":72,"column":49},"skip":true},{"start":{"line":73,"column":20},"end":{"line":73,"column":58},"skip":true},{"start":{"line":74,"column":20},"end":{"line":74,"column":69},"skip":true}]},"9":{"line":79,"type":"switch","locations":[{"start":{"line":80,"column":20},"end":{"line":80,"column":33},"skip":true},{"start":{"line":81,"column":20},"end":{"line":83,"column":30},"skip":true},{"start":{"line":84,"column":20},"end":{"line":85,"column":49},"skip":true}]},"10":{"line":89,"type":"switch","locations":[{"start":{"line":90,"column":12},"end":{"line":103,"column":22},"skip":true},{"start":{"line":105,"column":12},"end":{"line":106,"column":22},"skip":true}]},"11":{"line":89,"type":"binary-expr","locations":[{"start":{"line":89,"column":20},"end":{"line":89,"column":25},"skip":true},{"start":{"line":89,"column":29},"end":{"line":89,"column":48},"skip":true},{"start":{"line":89,"column":52},"end":{"line":89,"column":74},"skip":true}]},"12":{"line":92,"type":"if","locations":[{"start":{"line":92,"column":16},"end":{"line":92,"column":16},"skip":true},{"start":{"line":92,"column":16},"end":{"line":92,"column":16},"skip":true}]},"13":{"line":108,"type":"if","locations":[{"start":{"line":108,"column":12},"end":{"line":108,"column":12},"skip":true},{"start":{"line":108,"column":12},"end":{"line":108,"column":12},"skip":true}]},"14":{"line":108,"type":"binary-expr","locations":[{"start":{"line":108,"column":16},"end":{"line":108,"column":61},"skip":true},{"start":{"line":108,"column":66},"end":{"line":108,"column":72},"skip":true},{"start":{"line":108,"column":77},"end":{"line":108,"column":82},"skip":true},{"start":{"line":109,"column":20},"end":{"line":109,"column":39},"skip":true},{"start":{"line":110,"column":20},"end":{"line":110,"column":49},"skip":true},{"start":{"line":111,"column":20},"end":{"line":111,"column":58},"skip":true},{"start":{"line":112,"column":20},"end":{"line":112,"column":68},"skip":true}]},"15":{"line":129,"type":"if","locations":[{"start":{"line":129,"column":16},"end":{"line":129,"column":16},"skip":true},{"start":{"line":129,"column":16},"end":{"line":129,"column":16},"skip":true}]},"16":{"line":134,"type":"cond-expr","locations":[{"start":{"line":135,"column":26},"end":{"line":135,"column":29},"skip":true},{"start":{"line":136,"column":26},"end":{"line":136,"column":54},"skip":true}]},"17":{"line":164,"type":"binary-expr","locations":[{"start":{"line":164,"column":27},"end":{"line":164,"column":43},"skip":true},{"start":{"line":164,"column":47},"end":{"line":164,"column":49},"skip":true}]},"18":{"line":258,"type":"if","locations":[{"start":{"line":258,"column":8},"end":{"line":258,"column":8},"skip":true},{"start":{"line":258,"column":8},"end":{"line":258,"column":8},"skip":true}]},"19":{"line":275,"type":"switch","locations":[{"start":{"line":276,"column":20},"end":{"line":277,"column":64},"skip":true},{"start":{"line":278,"column":20},"end":{"line":279,"column":40},"skip":true},{"start":{"line":280,"column":20},"end":{"line":281,"column":40},"skip":true},{"start":{"line":282,"column":20},"end":{"line":283,"column":39},"skip":true}]},"20":{"line":288,"type":"if","locations":[{"start":{"line":288,"column":8},"end":{"line":288,"column":8},"skip":true},{"start":{"line":288,"column":8},"end":{"line":288,"column":8},"skip":true}]},"21":{"line":288,"type":"binary-expr","locations":[{"start":{"line":288,"column":12},"end":{"line":288,"column":40},"skip":true},{"start":{"line":288,"column":44},"end":{"line":288,"column":67},"skip":true}]},"22":{"line":292,"type":"binary-expr","locations":[{"start":{"line":292,"column":12},"end":{"line":292,"column":50},"skip":true},{"start":{"line":293,"column":12},"end":{"line":293,"column":53},"skip":true}]},"23":{"line":297,"type":"binary-expr","locations":[{"start":{"line":297,"column":12},"end":{"line":297,"column":83},"skip":true},{"start":{"line":298,"column":12},"end":{"line":301,"column":36},"skip":true}]},"24":{"line":303,"type":"binary-expr","locations":[{"start":{"line":303,"column":43},"end":{"line":303,"column":75},"skip":true},{"start":{"line":303,"column":79},"end":{"line":303,"column":81},"skip":true}]},"25":{"line":306,"type":"if","locations":[{"start":{"line":306,"column":8},"end":{"line":306,"column":8},"skip":true},{"start":{"line":306,"column":8},"end":{"line":306,"column":8},"skip":true}]},"26":{"line":310,"type":"if","locations":[{"start":{"line":310,"column":8},"end":{"line":310,"column":8},"skip":true},{"start":{"line":310,"column":8},"end":{"line":310,"column":8},"skip":true}]},"27":{"line":313,"type":"binary-expr","locations":[{"start":{"line":313,"column":27},"end":{"line":313,"column":43},"skip":true},{"start":{"line":313,"column":47},"end":{"line":313,"column":53},"skip":true}]},"28":{"line":317,"type":"if","locations":[{"start":{"line":317,"column":12},"end":{"line":317,"column":12},"skip":true},{"start":{"line":317,"column":12},"end":{"line":317,"column":12},"skip":true}]}},"code":["/*","example.js","","quickstart example","","instruction","    1. save this script as example.js","    2. run the shell command:","        $ npm install npmtest-document-register-element && PORT=8081 node example.js","    3. play with the browser-demo on http://127.0.0.1:8081","*/","","","","/* istanbul instrument in package npmtest_document_register_element */","/*jslint","    bitwise: true,","    browser: true,","    maxerr: 8,","    maxlen: 96,","    node: true,","    nomen: true,","    regexp: true,","    stupid: true","*/","(function () {","    'use strict';","    var local;","","","","    // run shared js-env code - pre-init","    (function () {","        // init local","        local = {};","        // init modeJs","        local.modeJs = (function () {","            try {","                return typeof navigator.userAgent === 'string' &&","                    typeof document.querySelector('body') === 'object' &&","                    typeof XMLHttpRequest.prototype.open === 'function' &&","                    'browser';","            } catch (errorCaughtBrowser) {","                return module.exports &&","                    typeof process.versions.node === 'string' &&","                    typeof require('http').createServer === 'function' &&","                    'node';","            }","        }());","        // init global","        local.global = local.modeJs === 'browser'","            ? window","            : global;","        // init utility2_rollup","        local = local.global.utility2_rollup || (local.modeJs === 'browser'","            ? local.global.utility2_npmtest_document_register_element","            : global.utility2_moduleExports);","        // export local","        local.global.local = local;","    }());","    switch (local.modeJs) {","","","","    // post-init","    // run browser js-env code - post-init","    /* istanbul ignore next */","    case 'browser':","        local.testRunBrowser = function (event) {","            if (!event || (event &&","                    event.currentTarget &&","                    event.currentTarget.className &&","                    event.currentTarget.className.includes &&","                    event.currentTarget.className.includes('onreset'))) {","                // reset output","                Array.from(","                    document.querySelectorAll('body > .resettable')","                ).forEach(function (element) {","                    switch (element.tagName) {","                    case 'INPUT':","                    case 'TEXTAREA':","                        element.value = '';","                        break;","                    default:","                        element.textContent = '';","                    }","                });","            }","            switch (event && event.currentTarget && event.currentTarget.id) {","            case 'testRunButton1':","                // show tests","                if (document.querySelector('#testReportDiv1').style.display === 'none') {","                    document.querySelector('#testReportDiv1').style.display = 'block';","                    document.querySelector('#testRunButton1').textContent =","                        'hide internal test';","                    local.modeTest = true;","                    local.testRunDefault(local);","                // hide tests","                } else {","                    document.querySelector('#testReportDiv1').style.display = 'none';","                    document.querySelector('#testRunButton1').textContent = 'run internal test';","                }","                break;","            // custom-case","            default:","                break;","            }","            if (document.querySelector('#inputTextareaEval1') && (!event || (event &&","                    event.currentTarget &&","                    event.currentTarget.className &&","                    event.currentTarget.className.includes &&","                    event.currentTarget.className.includes('oneval')))) {","                // try to eval input-code","                try {","                    /*jslint evil: true*/","                    eval(document.querySelector('#inputTextareaEval1').value);","                } catch (errorCaught) {","                    console.error(errorCaught);","                }","            }","        };","        // log stderr and stdout to #outputTextareaStdout1","        ['error', 'log'].forEach(function (key) {","            console[key + '_original'] = console[key];","            console[key] = function () {","                var element;","                console[key + '_original'].apply(console, arguments);","                element = document.querySelector('#outputTextareaStdout1');","                if (!element) {","                    return;","                }","                // append text to #outputTextareaStdout1","                element.value += Array.from(arguments).map(function (arg) {","                    return typeof arg === 'string'","                        ? arg","                        : JSON.stringify(arg, null, 4);","                }).join(' ') + '\\n';","                // scroll textarea to bottom","                element.scrollTop = element.scrollHeight;","            };","        });","        // init event-handling","        ['change', 'click', 'keyup'].forEach(function (event) {","            Array.from(document.querySelectorAll('.on' + event)).forEach(function (element) {","                element.addEventListener(event, local.testRunBrowser);","            });","        });","        // run tests","        local.testRunBrowser();","        break;","","","","    // run node js-env code - post-init","    /* istanbul ignore next */","    case 'node':","        // export local","        module.exports = local;","        // require modules","        local.fs = require('fs');","        local.http = require('http');","        local.url = require('url');","        // init assets","        local.assetsDict = local.assetsDict || {};","        /* jslint-ignore-begin */","        local.assetsDict['/assets.index.template.html'] = '\\","<!doctype html>\\n\\","<html lang=\"en\">\\n\\","<head>\\n\\","<meta charset=\"UTF-8\">\\n\\","<meta name=\"viewport\" content=\"width=device-width, initial-scale=1\">\\n\\","<title>{{env.npm_package_name}} (v{{env.npm_package_version}})</title>\\n\\","<style>\\n\\","/*csslint\\n\\","    box-sizing: false,\\n\\","    universal-selector: false\\n\\","*/\\n\\","* {\\n\\","    box-sizing: border-box;\\n\\","}\\n\\","body {\\n\\","    background: #dde;\\n\\","    font-family: Arial, Helvetica, sans-serif;\\n\\","    margin: 2rem;\\n\\","}\\n\\","body > * {\\n\\","    margin-bottom: 1rem;\\n\\","}\\n\\",".utility2FooterDiv {\\n\\","    margin-top: 20px;\\n\\","    text-align: center;\\n\\","}\\n\\","</style>\\n\\","<style>\\n\\","/*csslint\\n\\","*/\\n\\","textarea {\\n\\","    font-family: monospace;\\n\\","    height: 10rem;\\n\\","    width: 100%;\\n\\","}\\n\\","textarea[readonly] {\\n\\","    background: #ddd;\\n\\","}\\n\\","</style>\\n\\","</head>\\n\\","<body>\\n\\","<!-- utility2-comment\\n\\","<div id=\"ajaxProgressDiv1\" style=\"background: #d00; height: 2px; left: 0; margin: 0; padding: 0; position: fixed; top: 0; transition: background 0.5s, width 1.5s; width: 25%;\"></div>\\n\\","utility2-comment -->\\n\\","<h1>\\n\\","<!-- utility2-comment\\n\\","    <a\\n\\","        {{#if env.npm_package_homepage}}\\n\\","        href=\"{{env.npm_package_homepage}}\"\\n\\","        {{/if env.npm_package_homepage}}\\n\\","        target=\"_blank\"\\n\\","    >\\n\\","utility2-comment -->\\n\\","        {{env.npm_package_name}} (v{{env.npm_package_version}})\\n\\","<!-- utility2-comment\\n\\","    </a>\\n\\","utility2-comment -->\\n\\","</h1>\\n\\","<h3>{{env.npm_package_description}}</h3>\\n\\","<!-- utility2-comment\\n\\","<h4><a download href=\"assets.app.js\">download standalone app</a></h4>\\n\\","<button class=\"onclick onreset\" id=\"testRunButton1\">run internal test</button><br>\\n\\","<div id=\"testReportDiv1\" style=\"display: none;\"></div>\\n\\","utility2-comment -->\\n\\","\\n\\","\\n\\","\\n\\","<label>stderr and stdout</label>\\n\\","<textarea class=\"resettable\" id=\"outputTextareaStdout1\" readonly></textarea>\\n\\","<!-- utility2-comment\\n\\","{{#if isRollup}}\\n\\","<script src=\"assets.app.js\"></script>\\n\\","{{#unless isRollup}}\\n\\","utility2-comment -->\\n\\","<script src=\"assets.utility2.rollup.js\"></script>\\n\\","<script src=\"jsonp.utility2._stateInit?callback=window.utility2._stateInit\"></script>\\n\\","<script src=\"assets.npmtest_document_register_element.rollup.js\"></script>\\n\\","<script src=\"assets.example.js\"></script>\\n\\","<script src=\"assets.test.js\"></script>\\n\\","<!-- utility2-comment\\n\\","{{/if isRollup}}\\n\\","utility2-comment -->\\n\\","<div class=\"utility2FooterDiv\">\\n\\","    [ this app was created with\\n\\","    <a href=\"https://github.com/kaizhu256/node-utility2\" target=\"_blank\">utility2</a>\\n\\","    ]\\n\\","</div>\\n\\","</body>\\n\\","</html>\\n\\","';","        /* jslint-ignore-end */","        if (local.templateRender) {","            local.assetsDict['/'] = local.templateRender(","                local.assetsDict['/assets.index.template.html'],","                {","                    env: local.objectSetDefault(local.env, {","                        npm_package_description: 'the greatest app in the world!',","                        npm_package_name: 'my-app',","                        npm_package_nameAlias: 'my_app',","                        npm_package_version: '0.0.1'","                    })","                }","            );","        } else {","            local.assetsDict['/'] = local.assetsDict['/assets.index.template.html']","                .replace((/\\{\\{env\\.(\\w+?)\\}\\}/g), function (match0, match1) {","                    // jslint-hack","                    String(match0);","                    switch (match1) {","                    case 'npm_package_description':","                        return 'the greatest app in the world!';","                    case 'npm_package_name':","                        return 'my-app';","                    case 'npm_package_nameAlias':","                        return 'my_app';","                    case 'npm_package_version':","                        return '0.0.1';","                    }","                });","        }","        // run the cli","        if (local.global.utility2_rollup || module !== require.main) {","            break;","        }","        local.assetsDict['/assets.example.js'] =","            local.assetsDict['/assets.example.js'] ||","            local.fs.readFileSync(__filename, 'utf8');","        // bug-workaround - long $npm_package_buildCustomOrg","        /* jslint-ignore-begin */","        local.assetsDict['/assets.npmtest_document_register_element.rollup.js'] =","            local.assetsDict['/assets.npmtest_document_register_element.rollup.js'] ||","            local.fs.readFileSync(","                local.npmtest_document_register_element.__dirname + '/lib.npmtest_document_register_element.js',","                'utf8'","            ).replace((/^#!/), '//');","        /* jslint-ignore-end */","        local.assetsDict['/favicon.ico'] = local.assetsDict['/favicon.ico'] || '';","        // if $npm_config_timeout_exit exists,","        // then exit this process after $npm_config_timeout_exit ms","        if (Number(process.env.npm_config_timeout_exit)) {","            setTimeout(process.exit, Number(process.env.npm_config_timeout_exit));","        }","        // start server","        if (local.global.utility2_serverHttp1) {","            break;","        }","        process.env.PORT = process.env.PORT || '8081';","        console.error('server starting on port ' + process.env.PORT);","        local.http.createServer(function (request, response) {","            request.urlParsed = local.url.parse(request.url);","            if (local.assetsDict[request.urlParsed.pathname] !== undefined) {","                response.end(local.assetsDict[request.urlParsed.pathname]);","                return;","            }","            response.statusCode = 404;","            response.end();","        }).listen(process.env.PORT);","        break;","    }","}());",""],"l":{"26":2,"28":2,"33":2,"35":2,"37":2,"38":2,"39":2,"44":1,"51":2,"55":2,"59":2,"61":2,"69":1,"70":2,"76":2,"79":2,"82":2,"83":2,"85":1,"89":2,"92":1,"93":1,"94":1,"96":1,"97":1,"100":1,"101":1,"103":1,"106":1,"108":2,"114":1,"116":1,"118":1,"123":1,"124":2,"125":2,"126":3,"127":3,"128":3,"129":3,"130":1,"133":3,"134":3,"139":3,"143":1,"144":3,"145":1,"149":1,"150":1,"158":1,"160":1,"161":1,"162":1,"164":1,"166":1,"258":1,"259":1,"271":1,"274":6,"275":6,"277":1,"279":2,"281":1,"283":2,"288":1,"289":1,"291":1,"296":1,"303":1,"306":1,"307":1,"310":1,"311":1,"313":1,"314":1,"315":1,"316":1,"317":1,"318":1,"319":1,"321":1,"322":1,"324":1}},"/home/travis/build/npmtest/node-npmtest-document-register-element/node_modules/document-register-element/build/document-register-element.node.js":{"path":"/home/travis/build/npmtest/node-npmtest-document-register-element/node_modules/document-register-element/build/document-register-element.node.js","s":{"1":1,"2":2,"3":2,"4":2,"5":0,"6":0,"7":0,"8":0,"9":0,"10":0,"11":0,"12":0,"13":0,"14":2,"15":6,"16":196,"17":196,"18":196,"19":298,"20":2,"21":0,"22":2,"23":0,"24":2,"25":2,"26":2,"27":2,"28":0,"29":0,"30":0,"31":0,"32":0,"33":0,"34":0,"35":0,"36":0,"37":0,"38":0,"39":0,"40":0,"41":0,"42":0,"43":1,"44":0,"45":0,"46":0,"47":0,"48":0,"49":0,"50":0,"51":0,"52":1,"53":0,"54":0,"55":0,"56":0,"57":0,"58":0,"59":0,"60":0,"61":0,"62":0,"63":0,"64":0,"65":0,"66":0,"67":0,"68":0,"69":0,"70":0,"71":0,"72":0,"73":0,"74":0,"75":0,"76":0,"77":0,"78":0,"79":0,"80":0,"81":0,"82":0,"83":0,"84":0,"85":0,"86":0,"87":0,"88":0,"89":0,"90":0,"91":0,"92":0,"93":0,"94":0,"95":0,"96":0,"97":0,"98":0,"99":0,"100":0,"101":0,"102":0,"103":0,"104":0,"105":0,"106":0,"107":0,"108":0,"109":0,"110":0,"111":0,"112":0,"113":0,"114":0,"115":0,"116":0,"117":0,"118":0,"119":0,"120":0,"121":0,"122":0,"123":0,"124":0,"125":0,"126":0,"127":0,"128":0,"129":0,"130":0,"131":0,"132":0,"133":0,"134":0,"135":0,"136":0,"137":0,"138":0,"139":0,"140":0,"141":0,"142":0,"143":0,"144":0,"145":0,"146":0,"147":0,"148":0,"149":0,"150":0,"151":0,"152":0,"153":0,"154":0,"155":1,"156":0,"157":0,"158":0,"159":0,"160":0,"161":0,"162":0,"163":0,"164":0,"165":0,"166":0,"167":0,"168":0,"169":0,"170":0,"171":0,"172":0,"173":0,"174":0,"175":0,"176":0,"177":0,"178":0,"179":0,"180":0,"181":0,"182":0,"183":0,"184":0,"185":0,"186":0,"187":0,"188":0,"189":0,"190":0,"191":0,"192":0,"193":0,"194":0,"195":0,"196":0,"197":0,"198":0,"199":0,"200":0,"201":0,"202":0,"203":0,"204":0,"205":0,"206":0,"207":0,"208":0,"209":0,"210":0,"211":0,"212":0,"213":1,"214":0,"215":0,"216":0,"217":0,"218":1,"219":0,"220":0,"221":1,"222":0,"223":0,"224":0,"225":1,"226":0,"227":0,"228":0,"229":0,"230":0,"231":1,"232":0,"233":0,"234":1,"235":0,"236":1,"237":0,"238":0,"239":0,"240":1,"241":0,"242":0,"243":0,"244":0,"245":0,"246":0,"247":1,"248":0,"249":0,"250":0,"251":0,"252":0,"253":0,"254":0,"255":1,"256":0,"257":0,"258":0,"259":1,"260":0,"261":0,"262":0,"263":0,"264":0,"265":0,"266":0,"267":0,"268":0,"269":0,"270":0,"271":0,"272":1,"273":0,"274":0,"275":0,"276":0,"277":0,"278":0,"279":1,"280":0,"281":1,"282":0,"283":0,"284":0,"285":0,"286":0,"287":0,"288":0,"289":0,"290":0,"291":0,"292":0,"293":0,"294":0,"295":0,"296":0,"297":0,"298":1,"299":0,"300":0,"301":0,"302":0,"303":0,"304":0,"305":0,"306":0,"307":0,"308":1,"309":0,"310":0,"311":0,"312":0,"313":0,"314":0,"315":0,"316":0,"317":0,"318":0,"319":0,"320":0,"321":0,"322":0,"323":0,"324":0,"325":0,"326":0,"327":0,"328":0,"329":0,"330":0,"331":0,"332":0,"333":0,"334":0,"335":0,"336":1,"337":0,"338":0,"339":1,"340":0,"341":1,"342":0,"343":0,"344":0,"345":0,"346":1,"347":0,"348":0,"349":0,"350":0,"351":0,"352":0,"353":1,"354":0,"355":0,"356":0,"357":0,"358":0,"359":0,"360":0,"361":0,"362":0,"363":0,"364":0,"365":0,"366":0,"367":0,"368":0,"369":0,"370":0,"371":0,"372":0,"373":0,"374":0,"375":0,"376":0,"377":0,"378":0,"379":0,"380":0,"381":2,"382":2},"b":{"1":[0,0],"2":[0,0],"3":[0,0],"4":[2,0],"5":[0,0],"6":[0,0],"7":[0,0],"8":[0,0],"9":[2,0],"10":[0,0],"11":[0,0],"12":[0,0],"13":[0,0,0,0],"14":[0,0],"15":[0,0],"16":[0,0],"17":[0,0],"18":[0,0],"19":[0,0],"20":[0,0],"21":[0,0],"22":[0,0],"23":[0,0],"24":[0,0],"25":[0,0],"26":[0,0],"27":[0,0],"28":[0,0,0],"29":[0,0],"30":[0,0],"31":[0,0],"32":[0,0],"33":[0,0],"34":[0,0],"35":[0,0],"36":[0,0],"37":[0,0],"38":[0,0],"39":[0,0],"40":[0,0],"41":[0,0],"42":[0,0],"43":[0,0],"44":[0,0],"45":[0,0],"46":[0,0],"47":[0,0],"48":[0,0,0],"49":[0,0],"50":[0,0],"51":[0,0],"52":[0,0],"53":[0,0],"54":[0,0],"55":[0,0],"56":[0,0],"57":[0,0],"58":[0,0],"59":[0,0],"60":[0,0,0],"61":[0,0],"62":[0,0],"63":[0,0],"64":[0,0],"65":[0,0],"66":[0,0],"67":[0,0],"68":[0,0],"69":[0,0],"70":[0,0],"71":[0,0],"72":[0,0],"73":[0,0],"74":[0,0],"75":[0,0],"76":[0,0],"77":[0,0],"78":[0,0],"79":[0,0],"80":[0,0],"81":[0,0],"82":[0,0],"83":[0,0],"84":[0,0],"85":[0,0],"86":[0,0],"87":[0,0],"88":[0,0],"89":[0,0],"90":[0,0,0],"91":[0,0],"92":[0,0],"93":[0,0],"94":[0,0,0,0,0,0,0,0,0],"95":[0,0],"96":[0,0],"97":[0,0],"98":[0,0],"99":[0,0],"100":[0,0],"101":[0,0],"102":[0,0],"103":[0,0],"104":[0,0],"105":[0,0],"106":[0,0],"107":[0,0],"108":[0,0],"109":[0,0],"110":[0,0],"111":[0,0],"112":[0,0],"113":[0,0],"114":[0,0],"115":[0,0],"116":[0,0],"117":[0,0],"118":[0,0],"119":[0,0],"120":[0,0],"121":[0,0],"122":[0,0,0],"123":[0,0],"124":[0,0],"125":[0,0],"126":[0,0],"127":[0,0],"128":[0,0],"129":[0,0],"130":[0,0],"131":[0,0],"132":[0,0],"133":[0,0],"134":[0,0],"135":[0,0],"136":[0,0,0],"137":[0,0],"138":[0,0],"139":[0,0],"140":[0,0],"141":[0,0],"142":[0,0],"143":[0,0],"144":[0,0],"145":[0,0],"146":[0,0],"147":[0,0,0]},"f":{"1":2,"2":2,"3":0,"4":0,"5":0,"6":0,"7":0,"8":0,"9":0,"10":0,"11":0,"12":0,"13":0,"14":0,"15":0,"16":0,"17":0,"18":0,"19":0,"20":0,"21":0,"22":0,"23":0,"24":0,"25":0,"26":0,"27":0,"28":0,"29":0,"30":0,"31":0,"32":0,"33":0,"34":0,"35":0,"36":0,"37":0,"38":0,"39":0,"40":0,"41":0,"42":0,"43":0,"44":0,"45":0,"46":0,"47":0,"48":0,"49":0,"50":0,"51":0,"52":0,"53":0,"54":0,"55":0,"56":0,"57":0,"58":0,"59":0,"60":0,"61":0,"62":0,"63":0,"64":0,"65":0,"66":0,"67":0,"68":0,"69":0,"70":0,"71":0,"72":0,"73":0,"74":0,"75":0,"76":0},"fnMap":{"1":{"name":"installCustomElements","line":28,"loc":{"start":{"line":28,"column":0},"end":{"line":28,"column":49}}},"2":{"name":"(anonymous_2)","line":40,"loc":{"start":{"line":40,"column":19},"end":{"line":40,"column":35}}},"3":{"name":"(anonymous_3)","line":44,"loc":{"start":{"line":44,"column":17},"end":{"line":44,"column":31}}},"4":{"name":"(anonymous_4)","line":51,"loc":{"start":{"line":51,"column":12},"end":{"line":51,"column":34}}},"5":{"name":"get","line":72,"loc":{"start":{"line":72,"column":20},"end":{"line":72,"column":45}}},"6":{"name":"set","line":77,"loc":{"start":{"line":77,"column":20},"end":{"line":77,"column":45}}},"7":{"name":"(anonymous_7)","line":500,"loc":{"start":{"line":500,"column":31},"end":{"line":500,"column":44}}},"8":{"name":"Map","line":531,"loc":{"start":{"line":531,"column":24},"end":{"line":531,"column":39}}},"9":{"name":"(anonymous_9)","line":534,"loc":{"start":{"line":534,"column":13},"end":{"line":534,"column":26}}},"10":{"name":"(anonymous_10)","line":537,"loc":{"start":{"line":537,"column":13},"end":{"line":537,"column":29}}},"11":{"name":"(anonymous_11)","line":544,"loc":{"start":{"line":544,"column":32},"end":{"line":544,"column":46}}},"12":{"name":"(anonymous_12)","line":549,"loc":{"start":{"line":549,"column":19},"end":{"line":549,"column":31}}},"13":{"name":"(anonymous_13)","line":552,"loc":{"start":{"line":552,"column":18},"end":{"line":552,"column":32}}},"14":{"name":"resolve","line":559,"loc":{"start":{"line":559,"column":6},"end":{"line":559,"column":30}}},"15":{"name":"Bridge","line":573,"loc":{"start":{"line":573,"column":30},"end":{"line":573,"column":53}}},"16":{"name":"(anonymous_16)","line":582,"loc":{"start":{"line":582,"column":8},"end":{"line":582,"column":24}}},"17":{"name":"(anonymous_17)","line":587,"loc":{"start":{"line":587,"column":9},"end":{"line":587,"column":19}}},"18":{"name":"setProperties","line":588,"loc":{"start":{"line":588,"column":10},"end":{"line":588,"column":39}}},"19":{"name":"(anonymous_19)","line":601,"loc":{"start":{"line":601,"column":17},"end":{"line":601,"column":33}}},"20":{"name":"(anonymous_20)","line":608,"loc":{"start":{"line":608,"column":8},"end":{"line":608,"column":24}}},"21":{"name":"(anonymous_21)","line":629,"loc":{"start":{"line":629,"column":25},"end":{"line":629,"column":44}}},"22":{"name":"(anonymous_22)","line":635,"loc":{"start":{"line":635,"column":6},"end":{"line":635,"column":22}}},"23":{"name":"(anonymous_23)","line":638,"loc":{"start":{"line":638,"column":6},"end":{"line":638,"column":22}}},"24":{"name":"(anonymous_24)","line":664,"loc":{"start":{"line":664,"column":42},"end":{"line":664,"column":54}}},"25":{"name":"(anonymous_25)","line":704,"loc":{"start":{"line":704,"column":28},"end":{"line":704,"column":51}}},"26":{"name":"(anonymous_26)","line":711,"loc":{"start":{"line":711,"column":28},"end":{"line":711,"column":51}}},"27":{"name":"(anonymous_27)","line":722,"loc":{"start":{"line":722,"column":7},"end":{"line":722,"column":18}}},"28":{"name":"(anonymous_28)","line":726,"loc":{"start":{"line":726,"column":35},"end":{"line":726,"column":51}}},"29":{"name":"(anonymous_29)","line":735,"loc":{"start":{"line":735,"column":32},"end":{"line":735,"column":55}}},"30":{"name":"(anonymous_30)","line":752,"loc":{"start":{"line":752,"column":29},"end":{"line":752,"column":42}}},"31":{"name":"(anonymous_31)","line":775,"loc":{"start":{"line":775,"column":27},"end":{"line":775,"column":61}}},"32":{"name":"(anonymous_32)","line":800,"loc":{"start":{"line":800,"column":28},"end":{"line":800,"column":41}}},"33":{"name":"(anonymous_33)","line":849,"loc":{"start":{"line":849,"column":30},"end":{"line":856,"column":10}}},"34":{"name":"(anonymous_34)","line":867,"loc":{"start":{"line":867,"column":30},"end":{"line":867,"column":46}}},"35":{"name":"registerElement","line":887,"loc":{"start":{"line":887,"column":33},"end":{"line":887,"column":73}}},"36":{"name":"(anonymous_36)","line":895,"loc":{"start":{"line":895,"column":22},"end":{"line":895,"column":50}}},"37":{"name":"checkEmAll","line":896,"loc":{"start":{"line":896,"column":12},"end":{"line":896,"column":48}}},"38":{"name":"(anonymous_38)","line":899,"loc":{"start":{"line":899,"column":40},"end":{"line":899,"column":59}}},"39":{"name":"(anonymous_39)","line":926,"loc":{"start":{"line":926,"column":20},"end":{"line":926,"column":36}}},"40":{"name":"(anonymous_40)","line":938,"loc":{"start":{"line":938,"column":48},"end":{"line":938,"column":60}}},"41":{"name":"(anonymous_41)","line":951,"loc":{"start":{"line":951,"column":41},"end":{"line":951,"column":57}}},"42":{"name":"(anonymous_42)","line":976,"loc":{"start":{"line":976,"column":22},"end":{"line":976,"column":34}}},"43":{"name":"(anonymous_43)","line":1015,"loc":{"start":{"line":1015,"column":53},"end":{"line":1015,"column":89}}},"44":{"name":"ASAP","line":1042,"loc":{"start":{"line":1042,"column":2},"end":{"line":1042,"column":18}}},"45":{"name":"loopAndVerify","line":1052,"loc":{"start":{"line":1052,"column":2},"end":{"line":1052,"column":39}}},"46":{"name":"loopAndSetup","line":1058,"loc":{"start":{"line":1058,"column":2},"end":{"line":1058,"column":30}}},"47":{"name":"executeAction","line":1065,"loc":{"start":{"line":1065,"column":2},"end":{"line":1065,"column":33}}},"48":{"name":"(anonymous_48)","line":1066,"loc":{"start":{"line":1066,"column":11},"end":{"line":1066,"column":27}}},"49":{"name":"getTypeIndex","line":1077,"loc":{"start":{"line":1077,"column":2},"end":{"line":1077,"column":32}}},"50":{"name":"isInQSA","line":1091,"loc":{"start":{"line":1091,"column":2},"end":{"line":1091,"column":31}}},"51":{"name":"onDOMAttrModified","line":1095,"loc":{"start":{"line":1095,"column":2},"end":{"line":1095,"column":32}}},"52":{"name":"onDOMNode","line":1123,"loc":{"start":{"line":1123,"column":2},"end":{"line":1123,"column":29}}},"53":{"name":"(anonymous_53)","line":1125,"loc":{"start":{"line":1125,"column":11},"end":{"line":1125,"column":24}}},"54":{"name":"onReadyStateChange","line":1132,"loc":{"start":{"line":1132,"column":2},"end":{"line":1132,"column":33}}},"55":{"name":"patchedSetAttribute","line":1144,"loc":{"start":{"line":1144,"column":2},"end":{"line":1144,"column":44}}},"56":{"name":"setupNode","line":1151,"loc":{"start":{"line":1151,"column":2},"end":{"line":1151,"column":34}}},"57":{"name":"purge","line":1170,"loc":{"start":{"line":1170,"column":2},"end":{"line":1170,"column":19}}},"58":{"name":"throwTypeError","line":1186,"loc":{"start":{"line":1186,"column":2},"end":{"line":1186,"column":32}}},"59":{"name":"verifyAndSetupAndAction","line":1190,"loc":{"start":{"line":1190,"column":2},"end":{"line":1190,"column":49}}},"60":{"name":"CustomElementRegistry","line":1217,"loc":{"start":{"line":1217,"column":2},"end":{"line":1217,"column":35}}},"61":{"name":"(anonymous_61)","line":1223,"loc":{"start":{"line":1223,"column":6},"end":{"line":1223,"column":38}}},"62":{"name":"(anonymous_62)","line":1238,"loc":{"start":{"line":1238,"column":6},"end":{"line":1238,"column":22}}},"63":{"name":"(anonymous_63)","line":1243,"loc":{"start":{"line":1243,"column":6},"end":{"line":1243,"column":22}}},"64":{"name":"CERDefine","line":1252,"loc":{"start":{"line":1252,"column":2},"end":{"line":1252,"column":43}}},"65":{"name":"(anonymous_65)","line":1263,"loc":{"start":{"line":1263,"column":15},"end":{"line":1263,"column":27}}},"66":{"name":"(anonymous_66)","line":1278,"loc":{"start":{"line":1278,"column":13},"end":{"line":1278,"column":29}}},"67":{"name":"get","line":1305,"loc":{"start":{"line":1305,"column":2},"end":{"line":1305,"column":21}}},"68":{"name":"getIs","line":1310,"loc":{"start":{"line":1310,"column":2},"end":{"line":1310,"column":26}}},"69":{"name":"notifyAttributes","line":1315,"loc":{"start":{"line":1315,"column":2},"end":{"line":1315,"column":34}}},"70":{"name":"whenDefined","line":1333,"loc":{"start":{"line":1333,"column":2},"end":{"line":1333,"column":29}}},"71":{"name":"(anonymous_71)","line":1337,"loc":{"start":{"line":1337,"column":40},"end":{"line":1337,"column":59}}},"72":{"name":"polyfillV1","line":1344,"loc":{"start":{"line":1344,"column":2},"end":{"line":1344,"column":24}}},"73":{"name":"(anonymous_73)","line":1388,"loc":{"start":{"line":1388,"column":30},"end":{"line":1388,"column":55}}},"74":{"name":"(anonymous_74)","line":1405,"loc":{"start":{"line":1405,"column":7},"end":{"line":1405,"column":37}}},"75":{"name":"DRE","line":1417,"loc":{"start":{"line":1417,"column":8},"end":{"line":1417,"column":23}}},"76":{"name":"(anonymous_76)","line":1433,"loc":{"start":{"line":1433,"column":21},"end":{"line":1433,"column":35}}}},"statementMap":{"1":{"start":{"line":28,"column":0},"end":{"line":1438,"column":1}},"2":{"start":{"line":35,"column":2},"end":{"line":38,"column":3}},"3":{"start":{"line":40,"column":2},"end":{"line":436,"column":6}},"4":{"start":{"line":42,"column":4},"end":{"line":61,"column":5}},"5":{"start":{"line":45,"column":8},"end":{"line":45,"column":26}},"6":{"start":{"line":46,"column":8},"end":{"line":48,"column":9}},"7":{"start":{"line":47,"column":10},"end":{"line":47,"column":42}},"8":{"start":{"line":47,"column":28},"end":{"line":47,"column":42}},"9":{"start":{"line":49,"column":8},"end":{"line":49,"column":19}},"10":{"start":{"line":52,"column":8},"end":{"line":52,"column":32}},"11":{"start":{"line":53,"column":8},"end":{"line":56,"column":9}},"12":{"start":{"line":54,"column":10},"end":{"line":54,"column":64}},"13":{"start":{"line":55,"column":10},"end":{"line":55,"column":64}},"14":{"start":{"line":62,"column":4},"end":{"line":71,"column":5}},"15":{"start":{"line":63,"column":6},"end":{"line":70,"column":7}},"16":{"start":{"line":64,"column":8},"end":{"line":64,"column":36}},"17":{"start":{"line":65,"column":8},"end":{"line":65,"column":31}},"18":{"start":{"line":66,"column":8},"end":{"line":69,"column":9}},"19":{"start":{"line":67,"column":10},"end":{"line":68,"column":50}},"20":{"start":{"line":72,"column":4},"end":{"line":76,"column":6}},"21":{"start":{"line":73,"column":6},"end":{"line":75,"column":29}},"22":{"start":{"line":77,"column":4},"end":{"line":82,"column":6}},"23":{"start":{"line":78,"column":6},"end":{"line":81,"column":19}},"24":{"start":{"line":83,"column":4},"end":{"line":83,"column":21}},"25":{"start":{"line":442,"column":2},"end":{"line":442,"column":35}},"26":{"start":{"line":442,"column":17},"end":{"line":442,"column":35}},"27":{"start":{"line":444,"column":2},"end":{"line":698,"column":3}},"28":{"start":{"line":501,"column":6},"end":{"line":501,"column":55}},"29":{"start":{"line":502,"column":6},"end":{"line":502,"column":15}},"30":{"start":{"line":532,"column":6},"end":{"line":532,"column":28}},"31":{"start":{"line":533,"column":6},"end":{"line":542,"column":8}},"32":{"start":{"line":535,"column":10},"end":{"line":535,"column":39}},"33":{"start":{"line":538,"column":10},"end":{"line":538,"column":33}},"34":{"start":{"line":539,"column":10},"end":{"line":540,"column":24}},"35":{"start":{"line":539,"column":21},"end":{"line":539,"column":42}},"36":{"start":{"line":540,"column":15},"end":{"line":540,"column":24}},"37":{"start":{"line":545,"column":6},"end":{"line":558,"column":7}},"38":{"start":{"line":550,"column":12},"end":{"line":550,"column":21}},"39":{"start":{"line":553,"column":12},"end":{"line":553,"column":28}},"40":{"start":{"line":554,"column":12},"end":{"line":554,"column":45}},"41":{"start":{"line":554,"column":22},"end":{"line":554,"column":45}},"42":{"start":{"line":555,"column":12},"end":{"line":555,"column":21}},"43":{"start":{"line":559,"column":6},"end":{"line":562,"column":7}},"44":{"start":{"line":560,"column":8},"end":{"line":560,"column":20}},"45":{"start":{"line":561,"column":8},"end":{"line":561,"column":52}},"46":{"start":{"line":561,"column":30},"end":{"line":561,"column":52}},"47":{"start":{"line":563,"column":6},"end":{"line":563,"column":18}},"48":{"start":{"line":564,"column":6},"end":{"line":564,"column":15}},"49":{"start":{"line":575,"column":6},"end":{"line":575,"column":71}},"50":{"start":{"line":583,"column":10},"end":{"line":583,"column":26}},"51":{"start":{"line":584,"column":10},"end":{"line":584,"column":19}},"52":{"start":{"line":588,"column":10},"end":{"line":600,"column":11}},"53":{"start":{"line":589,"column":12},"end":{"line":599,"column":13}},"54":{"start":{"line":595,"column":14},"end":{"line":595,"column":29}},"55":{"start":{"line":596,"column":14},"end":{"line":598,"column":15}},"56":{"start":{"line":597,"column":16},"end":{"line":597,"column":53}},"57":{"start":{"line":601,"column":10},"end":{"line":606,"column":12}},"58":{"start":{"line":602,"column":12},"end":{"line":604,"column":54}},"59":{"start":{"line":603,"column":14},"end":{"line":603,"column":34}},"60":{"start":{"line":605,"column":12},"end":{"line":605,"column":21}},"61":{"start":{"line":609,"column":10},"end":{"line":611,"column":11}},"62":{"start":{"line":610,"column":12},"end":{"line":610,"column":28}},"63":{"start":{"line":612,"column":10},"end":{"line":612,"column":19}},"64":{"start":{"line":630,"column":6},"end":{"line":630,"column":21}},"65":{"start":{"line":631,"column":6},"end":{"line":631,"column":15}},"66":{"start":{"line":636,"column":8},"end":{"line":636,"column":35}},"67":{"start":{"line":639,"column":8},"end":{"line":639,"column":52}},"68":{"start":{"line":665,"column":6},"end":{"line":665,"column":44}},"69":{"start":{"line":666,"column":6},"end":{"line":669,"column":8}},"70":{"start":{"line":701,"column":2},"end":{"line":1040,"column":3}},"71":{"start":{"line":703,"column":4},"end":{"line":718,"column":5}},"72":{"start":{"line":704,"column":8},"end":{"line":708,"column":10}},"73":{"start":{"line":705,"column":10},"end":{"line":707,"column":11}},"74":{"start":{"line":706,"column":12},"end":{"line":706,"column":35}},"75":{"start":{"line":709,"column":8},"end":{"line":709,"column":26}},"76":{"start":{"line":711,"column":8},"end":{"line":716,"column":10}},"77":{"start":{"line":712,"column":10},"end":{"line":715,"column":11}},"78":{"start":{"line":713,"column":12},"end":{"line":713,"column":45}},"79":{"start":{"line":714,"column":12},"end":{"line":714,"column":35}},"80":{"start":{"line":717,"column":8},"end":{"line":717,"column":34}},"81":{"start":{"line":720,"column":4},"end":{"line":884,"column":5}},"82":{"start":{"line":721,"column":6},"end":{"line":721,"column":44}},"83":{"start":{"line":722,"column":6},"end":{"line":794,"column":11}},"84":{"start":{"line":723,"column":8},"end":{"line":774,"column":9}},"85":{"start":{"line":727,"column":12},"end":{"line":727,"column":72}},"86":{"start":{"line":728,"column":12},"end":{"line":728,"column":30}},"87":{"start":{"line":729,"column":12},"end":{"line":729,"column":56}},"88":{"start":{"line":730,"column":12},"end":{"line":730,"column":30}},"89":{"start":{"line":731,"column":12},"end":{"line":731,"column":42}},"90":{"start":{"line":732,"column":12},"end":{"line":732,"column":45}},"91":{"start":{"line":733,"column":12},"end":{"line":733,"column":40}},"92":{"start":{"line":736,"column":12},"end":{"line":740,"column":13}},"93":{"start":{"line":741,"column":12},"end":{"line":741,"column":49}},"94":{"start":{"line":742,"column":12},"end":{"line":742,"column":30}},"95":{"start":{"line":743,"column":12},"end":{"line":743,"column":43}},"96":{"start":{"line":744,"column":12},"end":{"line":744,"column":31}},"97":{"start":{"line":745,"column":12},"end":{"line":749,"column":13}},"98":{"start":{"line":746,"column":14},"end":{"line":746,"column":49}},"99":{"start":{"line":748,"column":14},"end":{"line":748,"column":45}},"100":{"start":{"line":750,"column":12},"end":{"line":750,"column":40}},"101":{"start":{"line":754,"column":12},"end":{"line":759,"column":13}},"102":{"start":{"line":760,"column":12},"end":{"line":772,"column":13}},"103":{"start":{"line":761,"column":14},"end":{"line":761,"column":54}},"104":{"start":{"line":762,"column":14},"end":{"line":762,"column":74}},"105":{"start":{"line":763,"column":14},"end":{"line":763,"column":48}},"106":{"start":{"line":764,"column":14},"end":{"line":764,"column":58}},"107":{"start":{"line":765,"column":14},"end":{"line":765,"column":80}},"108":{"start":{"line":766,"column":14},"end":{"line":770,"column":15}},"109":{"start":{"line":767,"column":16},"end":{"line":767,"column":55}},"110":{"start":{"line":769,"column":16},"end":{"line":769,"column":59}},"111":{"start":{"line":771,"column":14},"end":{"line":771,"column":46}},"112":{"start":{"line":775,"column":8},"end":{"line":792,"column":10}},"113":{"start":{"line":776,"column":10},"end":{"line":790,"column":11}},"114":{"start":{"line":781,"column":12},"end":{"line":786,"column":14}},"115":{"start":{"line":787,"column":12},"end":{"line":787,"column":52}},"116":{"start":{"line":788,"column":12},"end":{"line":788,"column":58}},"117":{"start":{"line":789,"column":12},"end":{"line":789,"column":76}},"118":{"start":{"line":791,"column":10},"end":{"line":791,"column":62}},"119":{"start":{"line":793,"column":8},"end":{"line":793,"column":77}},"120":{"start":{"line":795,"column":11},"end":{"line":884,"column":5}},"121":{"start":{"line":796,"column":6},"end":{"line":796,"column":78}},"122":{"start":{"line":797,"column":6},"end":{"line":797,"column":51}},"123":{"start":{"line":798,"column":6},"end":{"line":798,"column":51}},"124":{"start":{"line":799,"column":6},"end":{"line":883,"column":7}},"125":{"start":{"line":800,"column":8},"end":{"line":848,"column":10}},"126":{"start":{"line":801,"column":10},"end":{"line":806,"column":11}},"127":{"start":{"line":807,"column":10},"end":{"line":847,"column":11}},"128":{"start":{"line":808,"column":12},"end":{"line":808,"column":46}},"129":{"start":{"line":809,"column":12},"end":{"line":809,"column":76}},"130":{"start":{"line":810,"column":12},"end":{"line":832,"column":13}},"131":{"start":{"line":811,"column":14},"end":{"line":831,"column":15}},"132":{"start":{"line":813,"column":16},"end":{"line":820,"column":18}},"133":{"start":{"line":821,"column":21},"end":{"line":831,"column":15}},"134":{"start":{"line":823,"column":16},"end":{"line":830,"column":18}},"135":{"start":{"line":834,"column":12},"end":{"line":846,"column":13}},"136":{"start":{"line":835,"column":14},"end":{"line":845,"column":15}},"137":{"start":{"line":837,"column":16},"end":{"line":844,"column":18}},"138":{"start":{"line":849,"column":8},"end":{"line":866,"column":10}},"139":{"start":{"line":857,"column":10},"end":{"line":863,"column":12}},"140":{"start":{"line":864,"column":10},"end":{"line":864,"column":33}},"141":{"start":{"line":865,"column":10},"end":{"line":865,"column":31}},"142":{"start":{"line":867,"column":8},"end":{"line":882,"column":10}},"143":{"start":{"line":868,"column":10},"end":{"line":880,"column":11}},"144":{"start":{"line":875,"column":12},"end":{"line":875,"column":33}},"145":{"start":{"line":876,"column":12},"end":{"line":876,"column":29}},"146":{"start":{"line":877,"column":12},"end":{"line":879,"column":13}},"147":{"start":{"line":878,"column":14},"end":{"line":878,"column":40}},"148":{"start":{"line":881,"column":10},"end":{"line":881,"column":24}},"149":{"start":{"line":887,"column":4},"end":{"line":1013,"column":6}},"150":{"start":{"line":888,"column":6},"end":{"line":888,"column":37}},"151":{"start":{"line":889,"column":6},"end":{"line":960,"column":7}},"152":{"start":{"line":893,"column":8},"end":{"line":893,"column":28}},"153":{"start":{"line":894,"column":8},"end":{"line":946,"column":9}},"154":{"start":{"line":895,"column":10},"end":{"line":925,"column":63}},"155":{"start":{"line":896,"column":12},"end":{"line":898,"column":13}},"156":{"start":{"line":897,"column":14},"end":{"line":897,"column":86}},"157":{"start":{"line":899,"column":12},"end":{"line":924,"column":15}},"158":{"start":{"line":900,"column":14},"end":{"line":923,"column":15}},"159":{"start":{"line":904,"column":16},"end":{"line":904,"column":37}},"160":{"start":{"line":905,"column":16},"end":{"line":922,"column":17}},"161":{"start":{"line":906,"column":18},"end":{"line":906,"column":59}},"162":{"start":{"line":907,"column":18},"end":{"line":907,"column":61}},"163":{"start":{"line":909,"column":18},"end":{"line":909,"column":40}},"164":{"start":{"line":910,"column":18},"end":{"line":921,"column":19}},"165":{"start":{"line":913,"column":20},"end":{"line":913,"column":78}},"166":{"start":{"line":914,"column":20},"end":{"line":920,"column":21}},"167":{"start":{"line":915,"column":22},"end":{"line":919,"column":24}},"168":{"start":{"line":926,"column":10},"end":{"line":935,"column":12}},"169":{"start":{"line":927,"column":12},"end":{"line":933,"column":14}},"170":{"start":{"line":934,"column":12},"end":{"line":934,"column":24}},"171":{"start":{"line":936,"column":10},"end":{"line":936,"column":28}},"172":{"start":{"line":937,"column":10},"end":{"line":941,"column":11}},"173":{"start":{"line":938,"column":12},"end":{"line":940,"column":14}},"174":{"start":{"line":939,"column":14},"end":{"line":939,"column":66}},"175":{"start":{"line":943,"column":10},"end":{"line":943,"column":25}},"176":{"start":{"line":944,"column":10},"end":{"line":944,"column":79}},"177":{"start":{"line":945,"column":10},"end":{"line":945,"column":78}},"178":{"start":{"line":948,"column":8},"end":{"line":948,"column":77}},"179":{"start":{"line":949,"column":8},"end":{"line":949,"column":77}},"180":{"start":{"line":951,"column":8},"end":{"line":959,"column":10}},"181":{"start":{"line":952,"column":10},"end":{"line":955,"column":11}},"182":{"start":{"line":956,"column":10},"end":{"line":956,"column":45}},"183":{"start":{"line":956,"column":22},"end":{"line":956,"column":45}},"184":{"start":{"line":957,"column":10},"end":{"line":957,"column":79}},"185":{"start":{"line":957,"column":36},"end":{"line":957,"column":79}},"186":{"start":{"line":958,"column":10},"end":{"line":958,"column":22}},"187":{"start":{"line":962,"column":6},"end":{"line":962,"column":48}},"188":{"start":{"line":962,"column":21},"end":{"line":962,"column":48}},"189":{"start":{"line":964,"column":6},"end":{"line":969,"column":7}},"190":{"start":{"line":968,"column":8},"end":{"line":968,"column":29}},"191":{"start":{"line":971,"column":6},"end":{"line":973,"column":7}},"192":{"start":{"line":972,"column":8},"end":{"line":972,"column":60}},"193":{"start":{"line":975,"column":6},"end":{"line":986,"column":7}},"194":{"start":{"line":977,"column":10},"end":{"line":979,"column":45}},"195":{"start":{"line":988,"column":6},"end":{"line":992,"column":7}},"196":{"start":{"line":991,"column":8},"end":{"line":991,"column":33}},"197":{"start":{"line":994,"column":6},"end":{"line":994,"column":75}},"198":{"start":{"line":996,"column":6},"end":{"line":999,"column":8}},"199":{"start":{"line":1001,"column":6},"end":{"line":1005,"column":8}},"200":{"start":{"line":1007,"column":6},"end":{"line":1010,"column":8}},"201":{"start":{"line":1007,"column":24},"end":{"line":1010,"column":8}},"202":{"start":{"line":1012,"column":6},"end":{"line":1012,"column":25}},"203":{"start":{"line":1015,"column":4},"end":{"line":1038,"column":7}},"204":{"start":{"line":1016,"column":6},"end":{"line":1028,"column":7}},"205":{"start":{"line":1029,"column":6},"end":{"line":1034,"column":7}},"206":{"start":{"line":1030,"column":8},"end":{"line":1030,"column":55}},"207":{"start":{"line":1031,"column":8},"end":{"line":1033,"column":9}},"208":{"start":{"line":1032,"column":10},"end":{"line":1032,"column":50}},"209":{"start":{"line":1035,"column":6},"end":{"line":1035,"column":71}},"210":{"start":{"line":1036,"column":6},"end":{"line":1036,"column":40}},"211":{"start":{"line":1036,"column":17},"end":{"line":1036,"column":40}},"212":{"start":{"line":1037,"column":6},"end":{"line":1037,"column":18}},"213":{"start":{"line":1042,"column":2},"end":{"line":1050,"column":3}},"214":{"start":{"line":1043,"column":4},"end":{"line":1043,"column":54}},"215":{"start":{"line":1044,"column":4},"end":{"line":1044,"column":18}},"216":{"start":{"line":1045,"column":4},"end":{"line":1049,"column":5}},"217":{"start":{"line":1046,"column":6},"end":{"line":1048,"column":8}},"218":{"start":{"line":1052,"column":2},"end":{"line":1056,"column":3}},"219":{"start":{"line":1053,"column":4},"end":{"line":1055,"column":
[...]
unction checkEmAll(list, callback) {","              for (var i = 0, length = list.length; i < length; callback(list[i++])){}","            }","            return new MutationObserver(function (records) {","              for (var","                current, node, newValue,","                i = 0, length = records.length; i < length; i++","              ) {","                current = records[i];","                if (current.type === 'childList') {","                  checkEmAll(current.addedNodes, attached);","                  checkEmAll(current.removedNodes, detached);","                } else {","                  node = current.target;","                  if (notFromInnerHTMLHelper &&","                      node[ATTRIBUTE_CHANGED_CALLBACK] &&","                      current.attributeName !== 'style') {","                    newValue = getAttribute.call(node, current.attributeName);","                    if (newValue !== current.oldValue) {","                      node[ATTRIBUTE_CHANGED_CALLBACK](","                        current.attributeName,","                        current.oldValue,","                        newValue","                      );","                    }","                  }","                }","              }","            });","          }(executeAction(ATTACHED), executeAction(DETACHED)));","          observe = function (node) {","            observer.observe(","              node,","              {","                childList: true,","                subtree: true","              }","            );","            return node;","          };","          observe(document);","          if (attachShadow) {","            HTMLElementPrototype.attachShadow = function () {","              return observe(attachShadow.apply(this, arguments));","            };","          }","        } else {","          asapQueue = [];","          document[ADD_EVENT_LISTENER]('DOMNodeInserted', onDOMNode(ATTACHED));","          document[ADD_EVENT_LISTENER]('DOMNodeRemoved', onDOMNode(DETACHED));","        }","  ","        document[ADD_EVENT_LISTENER](DOM_CONTENT_LOADED, onReadyStateChange);","        document[ADD_EVENT_LISTENER]('readystatechange', onReadyStateChange);","  ","        HTMLElementPrototype.cloneNode = function (deep) {","          var","            node = cloneNode.call(this, !!deep),","            i = getTypeIndex(node)","          ;","          if (-1 < i) patch(node, protos[i]);","          if (deep && query.length) loopAndSetup(node.querySelectorAll(query));","          return node;","        };","      }","  ","      if (justSetup) return (justSetup = false);","  ","      if (-2 < (","        indexOf.call(types, PREFIX_IS + upperType) +","        indexOf.call(types, PREFIX_TAG + upperType)","      )) {","        throwTypeError(type);","      }","  ","      if (!validName.test(upperType) || -1 < indexOf.call(invalidNames, upperType)) {","        throw new Error('The type ' + type + ' is invalid');","      }","  ","      var","        constructor = function () {","          return extending ?","            document.createElement(nodeName, upperType) :","            document.createElement(nodeName);","        },","        opt = options || OP,","        extending = hOP.call(opt, EXTENDS),","        nodeName = extending ? options[EXTENDS].toUpperCase() : upperType,","        upperType,","        i","      ;","  ","      if (extending && -1 < (","        indexOf.call(types, PREFIX_TAG + nodeName)","      )) {","        throwTypeError(nodeName);","      }","  ","      i = types.push((extending ? PREFIX_IS : PREFIX_TAG) + upperType) - 1;","  ","      query = query.concat(","        query.length ? ',' : '',","        extending ? nodeName + '[is=\"' + type.toLowerCase() + '\"]' : nodeName","      );","  ","      constructor.prototype = (","        protos[i] = hOP.call(opt, 'prototype') ?","          opt.prototype :","          create(HTMLElementPrototype)","      );","  ","      if (query.length) loopAndVerify(","        document.querySelectorAll(query),","        ATTACHED","      );","  ","      return constructor;","    };","  ","    document.createElement = (patchedCreateElement = function (localName, typeExtension) {","      var","        is = getIs(typeExtension),","        node = is ?","          createElement.call(document, localName, secondArgument(is)) :","          createElement.call(document, localName),","        name = '' + localName,","        i = indexOf.call(","          types,","          (is ? PREFIX_IS : PREFIX_TAG) +","          (is || name).toUpperCase()","        ),","        setup = -1 < i","      ;","      if (is) {","        node.setAttribute('is', is = is.toLowerCase());","        if (setup) {","          setup = isInQSA(name.toUpperCase(), is);","        }","      }","      notFromInnerHTMLHelper = !document.createElement.innerHTMLHelper;","      if (setup) patch(node, protos[i]);","      return node;","    });","  ","  }","  ","  function ASAP() {","    var queue = asapQueue.splice(0, asapQueue.length);","    asapTimer = 0;","    while (queue.length) {","      queue.shift().call(","        null, queue.shift()","      );","    }","  }","  ","  function loopAndVerify(list, action) {","    for (var i = 0, length = list.length; i < length; i++) {","      verifyAndSetupAndAction(list[i], action);","    }","  }","  ","  function loopAndSetup(list) {","    for (var i = 0, length = list.length, node; i < length; i++) {","      node = list[i];","      patch(node, protos[getTypeIndex(node)]);","    }","  }","  ","  function executeAction(action) {","    return function (node) {","      if (isValidNode(node)) {","        verifyAndSetupAndAction(node, action);","        if (query.length) loopAndVerify(","          node.querySelectorAll(query),","          action","        );","      }","    };","  }","  ","  function getTypeIndex(target) {","    var","      is = getAttribute.call(target, 'is'),","      nodeName = target.nodeName.toUpperCase(),","      i = indexOf.call(","        types,","        is ?","            PREFIX_IS + is.toUpperCase() :","            PREFIX_TAG + nodeName","      )","    ;","    return is && -1 < i && !isInQSA(nodeName, is) ? -1 : i;","  }","  ","  function isInQSA(name, type) {","    return -1 < query.indexOf(name + '[is=\"' + type + '\"]');","  }","  ","  function onDOMAttrModified(e) {","    var","      node = e.currentTarget,","      attrChange = e.attrChange,","      attrName = e.attrName,","      target = e.target,","      addition = e[ADDITION] || 2,","      removal = e[REMOVAL] || 3","    ;","    if (notFromInnerHTMLHelper &&","        (!target || target === node) &&","        node[ATTRIBUTE_CHANGED_CALLBACK] &&","        attrName !== 'style' && (","          e.prevValue !== e.newValue ||","          // IE9, IE10, and Opera 12 gotcha","          e.newValue === '' && (","            attrChange === addition ||","            attrChange === removal","          )","    )) {","      node[ATTRIBUTE_CHANGED_CALLBACK](","        attrName,","        attrChange === addition ? null : e.prevValue,","        attrChange === removal ? null : e.newValue","      );","    }","  }","  ","  function onDOMNode(action) {","    var executor = executeAction(action);","    return function (e) {","      asapQueue.push(executor, e.target);","      if (asapTimer) clearTimeout(asapTimer);","      asapTimer = setTimeout(ASAP, 1);","    };","  }","  ","  function onReadyStateChange(e) {","    if (dropDomContentLoaded) {","      dropDomContentLoaded = false;","      e.currentTarget.removeEventListener(DOM_CONTENT_LOADED, onReadyStateChange);","    }","    if (query.length) loopAndVerify(","      (e.target || document).querySelectorAll(query),","      e.detail === DETACHED ? DETACHED : ATTACHED","    );","    if (IE8) purge();","  }","  ","  function patchedSetAttribute(name, value) {","    // jshint validthis:true","    var self = this;","    setAttribute.call(self, name, value);","    onSubtreeModified.call(self, {target: self});","  }","  ","  function setupNode(node, proto) {","    setPrototype(node, proto);","    if (observer) {","      observer.observe(node, attributesObserver);","    } else {","      if (doesNotSupportDOMAttrModified) {","        node.setAttribute = patchedSetAttribute;","        node[EXPANDO_UID] = getAttributesMirror(node);","        node[ADD_EVENT_LISTENER](DOM_SUBTREE_MODIFIED, onSubtreeModified);","      }","      node[ADD_EVENT_LISTENER](DOM_ATTR_MODIFIED, onDOMAttrModified);","    }","    if (node[CREATED_CALLBACK] && notFromInnerHTMLHelper) {","      node.created = true;","      node[CREATED_CALLBACK]();","      node.created = false;","    }","  }","  ","  function purge() {","    for (var","      node,","      i = 0,","      length = targets.length;","      i < length; i++","    ) {","      node = targets[i];","      if (!documentElement.contains(node)) {","        length--;","        targets.splice(i--, 1);","        verifyAndSetupAndAction(node, DETACHED);","      }","    }","  }","  ","  function throwTypeError(type) {","    throw new Error('A ' + type + ' type is already registered');","  }","  ","  function verifyAndSetupAndAction(node, action) {","    var","      fn,","      i = getTypeIndex(node)","    ;","    if (-1 < i) {","      patchIfNotAlready(node, protos[i]);","      i = 0;","      if (action === ATTACHED && !node[ATTACHED]) {","        node[DETACHED] = false;","        node[ATTACHED] = true;","        i = 1;","        if (IE8 && indexOf.call(targets, node) < 0) {","          targets.push(node);","        }","      } else if (action === DETACHED && !node[DETACHED]) {","        node[ATTACHED] = false;","        node[DETACHED] = true;","        i = 1;","      }","      if (i && (fn = node[action + CALLBACK])) fn.call(node);","    }","  }","  ","  ","  ","  // V1 in da House!","  function CustomElementRegistry() {}","  ","  CustomElementRegistry.prototype = {","    constructor: CustomElementRegistry,","    // a workaround for the stubborn WebKit","    define: usableCustomElements ?","      function (name, Class, options) {","        if (options) {","          CERDefine(name, Class, options);","        } else {","          var NAME = name.toUpperCase();","          constructors[NAME] = {","            constructor: Class,","            create: [NAME]","          };","          nodeNames.set(Class, NAME);","          customElements.define(name, Class);","        }","      } :","      CERDefine,","    get: usableCustomElements ?","      function (name) {","        return customElements.get(name) || get(name);","      } :","      get,","    whenDefined: usableCustomElements ?","      function (name) {","        return Promise.race([","          customElements.whenDefined(name),","          whenDefined(name)","        ]);","      } :","      whenDefined","  };","  ","  function CERDefine(name, Class, options) {","    var","      is = options && options[EXTENDS] || '',","      CProto = Class.prototype,","      proto = create(CProto),","      attributes = Class.observedAttributes || empty,","      definition = {prototype: proto}","    ;","    // TODO: is this needed at all since it's inherited?","    // defineProperty(proto, 'constructor', {value: Class});","    safeProperty(proto, CREATED_CALLBACK, {","        value: function () {","          if (justCreated) justCreated = false;","          else if (!this[DRECEV1]) {","            this[DRECEV1] = true;","            new Class(this);","            if (CProto[CREATED_CALLBACK])","              CProto[CREATED_CALLBACK].call(this);","            var info = constructors[nodeNames.get(Class)];","            if (!usableCustomElements || info.create.length > 1) {","              notifyAttributes(this);","            }","          }","      }","    });","    safeProperty(proto, ATTRIBUTE_CHANGED_CALLBACK, {","      value: function (name) {","        if (-1 < indexOf.call(attributes, name))","          CProto[ATTRIBUTE_CHANGED_CALLBACK].apply(this, arguments);","      }","    });","    if (CProto[CONNECTED_CALLBACK]) {","      safeProperty(proto, ATTACHED_CALLBACK, {","        value: CProto[CONNECTED_CALLBACK]","      });","    }","    if (CProto[DISCONNECTED_CALLBACK]) {","      safeProperty(proto, DETACHED_CALLBACK, {","        value: CProto[DISCONNECTED_CALLBACK]","      });","    }","    if (is) definition[EXTENDS] = is;","    name = name.toUpperCase();","    constructors[name] = {","      constructor: Class,","      create: is ? [is, secondArgument(name)] : [name]","    };","    nodeNames.set(Class, name);","    document[REGISTER_ELEMENT](name.toLowerCase(), definition);","    whenDefined(name);","    waitingList[name].r();","  }","  ","  function get(name) {","    var info = constructors[name.toUpperCase()];","    return info && info.constructor;","  }","  ","  function getIs(options) {","    return typeof options === 'string' ?","        options : (options && options.is || '');","  }","  ","  function notifyAttributes(self) {","    var","      callback = self[ATTRIBUTE_CHANGED_CALLBACK],","      attributes = callback ? self.attributes : empty,","      i = attributes.length,","      attribute","    ;","    while (i--) {","      attribute =  attributes[i]; // || attributes.item(i);","      callback.call(","        self,","        attribute.name || attribute.nodeName,","        null,","        attribute.value || attribute.nodeValue","      );","    }","  }","  ","  function whenDefined(name) {","    name = name.toUpperCase();","    if (!(name in waitingList)) {","      waitingList[name] = {};","      waitingList[name].p = new Promise(function (resolve) {","        waitingList[name].r = resolve;","      });","    }","    return waitingList[name].p;","  }","  ","  function polyfillV1() {","    if (customElements) delete window.customElements;","    defineProperty(window, 'customElements', {","      configurable: true,","      value: new CustomElementRegistry()","    });","    defineProperty(window, 'CustomElementRegistry', {","      configurable: true,","      value: CustomElementRegistry","    });","    for (var","      patchClass = function (name) {","        var Class = window[name];","        if (Class) {","          window[name] = function CustomElementsV1(self) {","            var info, isNative;","            if (!self) self = this;","            if (!self[DRECEV1]) {","              justCreated = true;","              info = constructors[nodeNames.get(self.constructor)];","              isNative = usableCustomElements && info.create.length === 1;","              self = isNative ?","                Reflect.construct(Class, empty, info.constructor) :","                document.createElement.apply(document, info.create);","              self[DRECEV1] = true;","              justCreated = false;","              if (!isNative) notifyAttributes(self);","            }","            return self;","          };","          window[name].prototype = Class.prototype;","          try {","            Class.prototype.constructor = window[name];","          } catch(WebKit) {","            fixGetClass = true;","            defineProperty(Class, DRECEV1, {value: window[name]});","          }","        }","      },","      Classes = htmlClass.get(/^HTML[A-Z]*[a-z]/),","      i = Classes.length;","      i--;","      patchClass(Classes[i])","    ) {}","    (document.createElement = function (name, options) {","      var is = getIs(options);","      return is ?","        patchedCreateElement.call(this, name, secondArgument(is)) :","        patchedCreateElement.call(this, name);","    });","    if (!V0) {","      justSetup = true;","      document[REGISTER_ELEMENT]('');","    }","  }","  ","  // if customElements is not there at all","  if (!customElements || polyfill === 'force') polyfillV1();","  else {","    // if available test extends work as expected","    try {","      (function (DRE, options, name) {","        options[EXTENDS] = 'a';","        DRE.prototype = create(HTMLAnchorElement.prototype);","        DRE.prototype.constructor = DRE;","        window.customElements.define(name, DRE, options);","        if (","          getAttribute.call(document.createElement('a', {is: name}), 'is') !== name ||","          (usableCustomElements && getAttribute.call(new DRE(), 'is') !== name)","        ) {","          throw options;","        }","      }(","        function DRE() {","          return Reflect.construct(HTMLAnchorElement, [], DRE);","        },","        {},","        'document-register-element-a'","      ));","    } catch(o_O) {","      // or force the polyfill if not","      // and keep internal original reference","      polyfillV1();","    }","  }","  ","  try {","    createElement.call(document, 'a', 'a');","  } catch(FireFox) {","    secondArgument = function (is) {","      return {is: is};","    };","  }","  ","}","","module.exports = installCustomElements;","installCustomElements(global);",""],"l":{"28":1,"35":2,"40":2,"42":2,"45":0,"46":0,"47":0,"49":0,"52":0,"53":0,"54":0,"55":0,"62":2,"63":6,"64":196,"65":196,"66":196,"67":298,"72":2,"73":0,"77":2,"78":0,"83":2,"442":2,"444":2,"501":0,"502":0,"532":0,"533":0,"535":0,"538":0,"539":0,"540":0,"545":0,"550":0,"553":0,"554":0,"555":0,"559":1,"560":0,"561":0,"563":0,"564":0,"575":0,"583":0,"584":0,"588":1,"589":0,"595":0,"596":0,"597":0,"601":0,"602":0,"603":0,"605":0,"609":0,"610":0,"612":0,"630":0,"631":0,"636":0,"639":0,"665":0,"666":0,"701":0,"703":0,"704":0,"705":0,"706":0,"709":0,"711":0,"712":0,"713":0,"714":0,"717":0,"720":0,"721":0,"722":0,"723":0,"727":0,"728":0,"729":0,"730":0,"731":0,"732":0,"733":0,"736":0,"741":0,"742":0,"743":0,"744":0,"745":0,"746":0,"748":0,"750":0,"754":0,"760":0,"761":0,"762":0,"763":0,"764":0,"765":0,"766":0,"767":0,"769":0,"771":0,"775":0,"776":0,"781":0,"787":0,"788":0,"789":0,"791":0,"793":0,"795":0,"796":0,"797":0,"798":0,"799":0,"800":0,"801":0,"807":0,"808":0,"809":0,"810":0,"811":0,"813":0,"821":0,"823":0,"834":0,"835":0,"837":0,"849":0,"857":0,"864":0,"865":0,"867":0,"868":0,"875":0,"876":0,"877":0,"878":0,"881":0,"887":0,"888":0,"889":0,"893":0,"894":0,"895":0,"896":1,"897":0,"899":0,"900":0,"904":0,"905":0,"906":0,"907":0,"909":0,"910":0,"913":0,"914":0,"915":0,"926":0,"927":0,"934":0,"936":0,"937":0,"938":0,"939":0,"943":0,"944":0,"945":0,"948":0,"949":0,"951":0,"952":0,"956":0,"957":0,"958":0,"962":0,"964":0,"968":0,"971":0,"972":0,"975":0,"977":0,"988":0,"991":0,"994":0,"996":0,"1001":0,"1007":0,"1012":0,"1015":0,"1016":0,"1029":0,"1030":0,"1031":0,"1032":0,"1035":0,"1036":0,"1037":0,"1042":1,"1043":0,"1044":0,"1045":0,"1046":0,"1052":1,"1053":0,"1054":0,"1058":1,"1059":0,"1060":0,"1061":0,"1065":1,"1066":0,"1067":0,"1068":0,"1069":0,"1077":1,"1078":0,"1088":0,"1091":1,"1092":0,"1095":1,"1096":0,"1104":0,"1115":0,"1123":1,"1124":0,"1125":0,"1126":0,"1127":0,"1128":0,"1132":1,"1133":0,"1134":0,"1135":0,"1137":0,"1141":0,"1144":1,"1146":0,"1147":0,"1148":0,"1151":1,"1152":0,"1153":0,"1154":0,"1156":0,"1157":0,"1158":0,"1159":0,"1161":0,"1163":0,"1164":0,"1165":0,"1166":0,"1170":1,"1171":0,"1177":0,"1178":0,"1179":0,"1180":0,"1181":0,"1186":1,"1187":0,"1190":1,"1191":0,"1195":0,"1196":0,"1197":0,"1198":0,"1199":0,"1200":0,"1201":0,"1202":0,"1203":0,"1205":0,"1206":0,"1207":0,"1208":0,"1210":0,"1217":1,"1219":0,"1224":0,"1225":0,"1227":0,"1228":0,"1232":0,"1233":0,"1239":0,"1244":0,"1252":1,"1253":0,"1262":0,"1264":0,"1265":0,"1266":0,"1267":0,"1268":0,"1269":0,"1270":0,"1271":0,"1272":0,"1277":0,"1279":0,"1280":0,"1283":0,"1284":0,"1288":0,"1289":0,"1293":0,"1294":0,"1295":0,"1299":0,"1300":0,"1301":0,"1302":0,"1305":1,"1306":0,"1307":0,"1310":1,"1311":0,"1315":1,"1316":0,"1322":0,"1323":0,"1324":0,"1333":1,"1334":0,"1335":0,"1336":0,"1337":0,"1338":0,"1341":0,"1344":1,"1345":0,"1346":0,"1350":0,"1354":0,"1388":0,"1389":0,"1390":0,"1394":0,"1395":0,"1396":0,"1401":0,"1404":0,"1405":0,"1406":0,"1407":0,"1408":0,"1409":0,"1410":0,"1414":0,"1418":0,"1426":0,"1430":0,"1431":0,"1433":0,"1434":0,"1440":2,"1441":2}}}